SF:/Users/alexroar/Desktop/DeepL/DeepSwift/Sources/DeepSwift/Errors/EvaluationError.swift
FN:18,$s9DeepSwift15EvaluationErrorV6reasonA2C6CausesO_tcfC
FNDA:0,$s9DeepSwift15EvaluationErrorV6reasonA2C6CausesO_tcfC
FNF:1
FNH:0
DA:18,0
DA:19,0
DA:20,0
BRF:0
BFH:0
LF:3
LH:0
end_of_record
SF:/Users/alexroar/Desktop/DeepL/DeepSwift/Sources/DeepSwift/Nodes/AddNode.swift
FN:15,$s9DeepSwift7AddNodeC4leftAA5Graph_pvg
FN:18,$s9DeepSwift7AddNodeC4leftAA5Graph_pvs
FN:24,$s9DeepSwift7AddNodeC5rightAA5Graph_pvg
FN:27,$s9DeepSwift7AddNodeC5rightAA5Graph_pvs
FN:38,$s9DeepSwift7AddNodeC2id10Foundation4UUIDVvpfi
FN:40,$s9DeepSwift7AddNodeC7dumpDotSSvg
FN:46,$s9DeepSwift7AddNodeC7forwardAA6MatrixVySdGyKF
FN:51,$s9DeepSwift7AddNodeC9_backwardyyKF
FN:52,$s9DeepSwift7AddNodeC9_backwardyyKFAA6MatrixVySdGyKXEfu_
FN:53,$s9DeepSwift7AddNodeC9_backwardyyKFAA6MatrixVySdGyKXEfu0_
FN:55,$s9DeepSwift7AddNodeC9_backwardyyKFSbyXEfu1_
FN:55,$s9DeepSwift7AddNodeC9_backwardyyKFSSyXEfu2_
FN:56,$s9DeepSwift7AddNodeC9_backwardyyKFSbyXEfu3_
FN:56,$s9DeepSwift7AddNodeC9_backwardyyKFSSyXEfu4_
FN:59,$s9DeepSwift7AddNodeCyAcA5Graph_p_AaD_ptcfc
FN:61,$s9DeepSwift7AddNodeCyAcA5Graph_p_AaD_ptcfcSSyXEfu_
FNDA:696238,$s9DeepSwift7AddNodeC4leftAA5Graph_pvg
FNDA:97318,$s9DeepSwift7AddNodeC4leftAA5Graph_pvs
FNDA:682237,$s9DeepSwift7AddNodeC5rightAA5Graph_pvg
FNDA:97318,$s9DeepSwift7AddNodeC5rightAA5Graph_pvs
FNDA:105,$s9DeepSwift7AddNodeC2id10Foundation4UUIDVvpfi
FNDA:0,$s9DeepSwift7AddNodeC7dumpDotSSvg
FNDA:112330,$s9DeepSwift7AddNodeC7forwardAA6MatrixVySdGyKF
FNDA:97318,$s9DeepSwift7AddNodeC9_backwardyyKF
FNDA:97318,$s9DeepSwift7AddNodeC9_backwardyyKFAA6MatrixVySdGyKXEfu_
FNDA:83317,$s9DeepSwift7AddNodeC9_backwardyyKFAA6MatrixVySdGyKXEfu0_
FNDA:97318,$s9DeepSwift7AddNodeC9_backwardyyKFSbyXEfu1_
FNDA:0,$s9DeepSwift7AddNodeC9_backwardyyKFSSyXEfu2_
FNDA:97318,$s9DeepSwift7AddNodeC9_backwardyyKFSbyXEfu3_
FNDA:0,$s9DeepSwift7AddNodeC9_backwardyyKFSSyXEfu4_
FNDA:105,$s9DeepSwift7AddNodeCyAcA5Graph_p_AaD_ptcfc
FNDA:0,$s9DeepSwift7AddNodeCyAcA5Graph_p_AaD_ptcfcSSyXEfu_
FNF:16
FNH:12
DA:15,696238
DA:16,696238
DA:17,696238
DA:18,97318
DA:19,97318
DA:20,97318
DA:24,682237
DA:25,682237
DA:26,682237
DA:27,97318
DA:28,97318
DA:29,97318
DA:38,105
DA:40,0
DA:41,0
DA:42,0
DA:43,0
DA:44,0
DA:46,112330
DA:47,112330
DA:48,112330
DA:49,112330
DA:51,97318
DA:52,97318
DA:53,83317
DA:54,97318
DA:55,97318
DA:56,97318
DA:57,97318
DA:59,105
DA:60,105
DA:61,0
DA:62,105
DA:63,105
DA:64,105
DA:65,105
BRF:0
BFH:0
LF:43
LH:34
end_of_record
SF:/Users/alexroar/Desktop/DeepL/DeepSwift/Sources/DeepSwift/Nodes/ConstNode.swift
FN:15,$s9DeepSwift9ConstNodeC8childrenSayAA5Graph_pGvpfi
FN:23,$s9DeepSwift9ConstNodeC2id10Foundation4UUIDVvpfi
FN:27,$s9DeepSwift9ConstNodeC7dumpDotSSvg
FN:31,$s9DeepSwift9ConstNodeC7forwardAA6MatrixVySdGyKF
FN:36,$s9DeepSwift9ConstNodeC9_backwardyyKF
FN:40,$s9DeepSwift9ConstNodeCyACyxGAA6MatrixVyxGcfc
FN:46,$s9DeepSwift9ConstNodeC14integerLiteralACyxGSi_tcfc
FN:52,$s9DeepSwift9ConstNodeC12floatLiteralACyxGSd_tcfc
FNDA:143,$s9DeepSwift9ConstNodeC8childrenSayAA5Graph_pGvpfi
FNDA:143,$s9DeepSwift9ConstNodeC2id10Foundation4UUIDVvpfi
FNDA:0,$s9DeepSwift9ConstNodeC7dumpDotSSvg
FNDA:165436,$s9DeepSwift9ConstNodeC7forwardAA6MatrixVySdGyKF
FNDA:135421,$s9DeepSwift9ConstNodeC9_backwardyyKF
FNDA:48,$s9DeepSwift9ConstNodeCyACyxGAA6MatrixVyxGcfc
FNDA:90,$s9DeepSwift9ConstNodeC14integerLiteralACyxGSi_tcfc
FNDA:5,$s9DeepSwift9ConstNodeC12floatLiteralACyxGSd_tcfc
FNF:8
FNH:7
DA:15,143
DA:23,143
DA:27,0
DA:28,0
DA:29,0
DA:31,165436
DA:32,165436
DA:33,165436
DA:34,165436
DA:36,135421
DA:37,135421
DA:38,135421
DA:40,48
DA:41,48
DA:42,48
DA:43,48
DA:44,48
DA:46,90
DA:47,90
DA:48,90
DA:49,90
DA:50,90
DA:52,5
DA:53,5
DA:54,5
DA:55,5
DA:56,5
BRF:0
BFH:0
LF:27
LH:24
end_of_record
SF:/Users/alexroar/Desktop/DeepL/DeepSwift/Sources/DeepSwift/Nodes/DivNode.swift
FN:20,$s9DeepSwift7DivNodeC2id10Foundation4UUIDVvpfi
FN:23,$s9DeepSwift7DivNodeC4leftAA5Graph_pvg
FN:26,$s9DeepSwift7DivNodeC4leftAA5Graph_pvs
FN:32,$s9DeepSwift7DivNodeC5rightAA5Graph_pvg
FN:35,$s9DeepSwift7DivNodeC5rightAA5Graph_pvs
FN:40,$s9DeepSwift7DivNodeC7dumpDotSSvg
FN:46,$s9DeepSwift7DivNodeC7forwardAA6MatrixVySdGyKF
FN:51,$s9DeepSwift7DivNodeC9_backwardyyKF
FN:52,$s9DeepSwift7DivNodeC9_backwardyyKFAA6MatrixVySdGyKXEfu_
FN:54,$s9DeepSwift7DivNodeC9_backwardyyKFAA6MatrixVySdGyKXEfu0_
FN:57,$s9DeepSwift7DivNodeC9_backwardyyKFSbyXEfu1_
FN:57,$s9DeepSwift7DivNodeC9_backwardyyKFSSyXEfu2_
FN:58,$s9DeepSwift7DivNodeC9_backwardyyKFSbyXEfu3_
FN:58,$s9DeepSwift7DivNodeC9_backwardyyKFSSyXEfu4_
FN:61,$s9DeepSwift7DivNodeCyAcA5Graph_p_AaD_ptcfc
FN:63,$s9DeepSwift7DivNodeCyAcA5Graph_p_AaD_ptcfcSSyXEfu_
FNDA:2,$s9DeepSwift7DivNodeC2id10Foundation4UUIDVvpfi
FNDA:8008,$s9DeepSwift7DivNodeC4leftAA5Graph_pvg
FNDA:1001,$s9DeepSwift7DivNodeC4leftAA5Graph_pvs
FNDA:10009,$s9DeepSwift7DivNodeC5rightAA5Graph_pvg
FNDA:1001,$s9DeepSwift7DivNodeC5rightAA5Graph_pvs
FNDA:0,$s9DeepSwift7DivNodeC7dumpDotSSvg
FNDA:1001,$s9DeepSwift7DivNodeC7forwardAA6MatrixVySdGyKF
FNDA:1001,$s9DeepSwift7DivNodeC9_backwardyyKF
FNDA:1001,$s9DeepSwift7DivNodeC9_backwardyyKFAA6MatrixVySdGyKXEfu_
FNDA:1000,$s9DeepSwift7DivNodeC9_backwardyyKFAA6MatrixVySdGyKXEfu0_
FNDA:1001,$s9DeepSwift7DivNodeC9_backwardyyKFSbyXEfu1_
FNDA:0,$s9DeepSwift7DivNodeC9_backwardyyKFSSyXEfu2_
FNDA:1001,$s9DeepSwift7DivNodeC9_backwardyyKFSbyXEfu3_
FNDA:0,$s9DeepSwift7DivNodeC9_backwardyyKFSSyXEfu4_
FNDA:2,$s9DeepSwift7DivNodeCyAcA5Graph_p_AaD_ptcfc
FNDA:0,$s9DeepSwift7DivNodeCyAcA5Graph_p_AaD_ptcfcSSyXEfu_
FNF:16
FNH:12
DA:20,2
DA:23,8008
DA:24,8008
DA:25,8008
DA:26,1001
DA:27,1001
DA:28,1001
DA:32,10009
DA:33,10009
DA:34,10009
DA:35,1001
DA:36,1001
DA:37,1001
DA:40,0
DA:41,0
DA:42,0
DA:43,0
DA:44,0
DA:46,1001
DA:47,1001
DA:48,1001
DA:49,1001
DA:51,1001
DA:52,1001
DA:53,1001
DA:54,1000
DA:55,1001
DA:56,1001
DA:57,1001
DA:58,1001
DA:59,1001
DA:61,2
DA:62,2
DA:63,0
DA:64,2
DA:65,2
DA:66,2
DA:67,2
BRF:0
BFH:0
LF:45
LH:36
end_of_record
SF:/Users/alexroar/Desktop/DeepL/DeepSwift/Sources/DeepSwift/Nodes/DotNode.swift
FN:25,$s9DeepSwift7DotNodeC2id10Foundation4UUIDVvpfi
FN:28,$s9DeepSwift7DotNodeC4leftAA5Graph_pvg
FN:31,$s9DeepSwift7DotNodeC4leftAA5Graph_pvs
FN:37,$s9DeepSwift7DotNodeC5rightAA5Graph_pvg
FN:40,$s9DeepSwift7DotNodeC5rightAA5Graph_pvs
FN:45,$s9DeepSwift7DotNodeC04dumpC0SSvg
FN:51,$s9DeepSwift7DotNodeC7forwardAA6MatrixVySdGyKF
FN:56,$s9DeepSwift7DotNodeC9_backwardyyKF
FN:58,$s9DeepSwift7DotNodeC9_backwardyyKFAA6MatrixVySdGyKXEfu_
FN:59,$s9DeepSwift7DotNodeC9_backwardyyKFAA6MatrixVySdGyKXEfu0_
FN:61,$s9DeepSwift7DotNodeC9_backwardyyKFSbyXEfu1_
FN:61,$s9DeepSwift7DotNodeC9_backwardyyKFSSyXEfu2_
FN:62,$s9DeepSwift7DotNodeC9_backwardyyKFSbyXEfu3_
FN:62,$s9DeepSwift7DotNodeC9_backwardyyKFSSyXEfu4_
FN:65,$s9DeepSwift7DotNodeCyAcA5Graph_p_AaD_ptcfc
FN:67,$s9DeepSwift7DotNodeCyAcA5Graph_p_AaD_ptcfcSSyXEfu_
FNDA:0,$s9DeepSwift7DotNodeC2id10Foundation4UUIDVvpfi
FNDA:0,$s9DeepSwift7DotNodeC4leftAA5Graph_pvg
FNDA:0,$s9DeepSwift7DotNodeC4leftAA5Graph_pvs
FNDA:0,$s9DeepSwift7DotNodeC5rightAA5Graph_pvg
FNDA:0,$s9DeepSwift7DotNodeC5rightAA5Graph_pvs
FNDA:0,$s9DeepSwift7DotNodeC04dumpC0SSvg
FNDA:0,$s9DeepSwift7DotNodeC7forwardAA6MatrixVySdGyKF
FNDA:0,$s9DeepSwift7DotNodeC9_backwardyyKF
FNDA:0,$s9DeepSwift7DotNodeC9_backwardyyKFAA6MatrixVySdGyKXEfu_
FNDA:0,$s9DeepSwift7DotNodeC9_backwardyyKFAA6MatrixVySdGyKXEfu0_
FNDA:0,$s9DeepSwift7DotNodeC9_backwardyyKFSbyXEfu1_
FNDA:0,$s9DeepSwift7DotNodeC9_backwardyyKFSSyXEfu2_
FNDA:0,$s9DeepSwift7DotNodeC9_backwardyyKFSbyXEfu3_
FNDA:0,$s9DeepSwift7DotNodeC9_backwardyyKFSSyXEfu4_
FNDA:0,$s9DeepSwift7DotNodeCyAcA5Graph_p_AaD_ptcfc
FNDA:0,$s9DeepSwift7DotNodeCyAcA5Graph_p_AaD_ptcfcSSyXEfu_
FNF:16
FNH:0
DA:25,0
DA:28,0
DA:29,0
DA:30,0
DA:31,0
DA:32,0
DA:33,0
DA:37,0
DA:38,0
DA:39,0
DA:40,0
DA:41,0
DA:42,0
DA:45,0
DA:46,0
DA:47,0
DA:48,0
DA:49,0
DA:51,0
DA:52,0
DA:53,0
DA:54,0
DA:56,0
DA:57,0
DA:58,0
DA:59,0
DA:60,0
DA:61,0
DA:62,0
DA:63,0
DA:65,0
DA:66,0
DA:67,0
DA:68,0
DA:69,0
DA:70,0
DA:71,0
BRF:0
BFH:0
LF:44
LH:0
end_of_record
SF:/Users/alexroar/Desktop/DeepL/DeepSwift/Sources/DeepSwift/Nodes/FunctionNode.swift
FN:13,$s9DeepSwift12FunctionNodeC2id10Foundation4UUIDVvpfi
FN:15,$s9DeepSwift12FunctionNodeC7dumpDotSSvg
FN:38,$s9DeepSwift12FunctionNodeC7forwardAA6MatrixVySdGyKF
FN:43,$s9DeepSwift12FunctionNodeC9_backwardyyKF
FN:44,$s9DeepSwift12FunctionNodeC9_backwardyyKFAA6MatrixVySdGyKXEfu_
FN:49,$s9DeepSwift12FunctionNodeC3inp5shape15functionForward0G4Back4nameAcA5Graph_p_AA5ShapeVAA6MatrixVySdGANcA2N_ANtcSStcfc
FNDA:88,$s9DeepSwift12FunctionNodeC2id10Foundation4UUIDVvpfi
FNDA:0,$s9DeepSwift12FunctionNodeC7dumpDotSSvg
FNDA:150628,$s9DeepSwift12FunctionNodeC7forwardAA6MatrixVySdGyKF
FNDA:120606,$s9DeepSwift12FunctionNodeC9_backwardyyKF
FNDA:95604,$s9DeepSwift12FunctionNodeC9_backwardyyKFAA6MatrixVySdGyKXEfu_
FNDA:88,$s9DeepSwift12FunctionNodeC3inp5shape15functionForward0G4Back4nameAcA5Graph_p_AA5ShapeVAA6MatrixVySdGANcA2N_ANtcSStcfc
FNF:6
FNH:5
DA:13,88
DA:15,0
DA:16,0
DA:17,0
DA:18,0
DA:38,150628
DA:39,150628
DA:40,150628
DA:41,150628
DA:43,120606
DA:44,95604
DA:45,120606
DA:49,88
DA:50,88
DA:51,88
DA:52,88
DA:53,88
DA:54,88
DA:55,88
BRF:0
BFH:0
LF:20
LH:16
end_of_record
SF:/Users/alexroar/Desktop/DeepL/DeepSwift/Sources/DeepSwift/Nodes/MulNode.swift
FN:20,$s9DeepSwift7MulNodeC2id10Foundation4UUIDVvpfi
FN:23,$s9DeepSwift7MulNodeC4leftAA5Graph_pvg
FN:26,$s9DeepSwift7MulNodeC4leftAA5Graph_pvs
FN:32,$s9DeepSwift7MulNodeC5rightAA5Graph_pvg
FN:35,$s9DeepSwift7MulNodeC5rightAA5Graph_pvs
FN:40,$s9DeepSwift7MulNodeC7dumpDotSSvg
FN:46,$s9DeepSwift7MulNodeC7forwardAA6MatrixVySdGyKF
FN:51,$s9DeepSwift7MulNodeC9_backwardyyKF
FN:52,$s9DeepSwift7MulNodeC9_backwardyyKFAA6MatrixVySdGyKXEfu_
FN:54,$s9DeepSwift7MulNodeC9_backwardyyKFAA6MatrixVySdGyKXEfu0_
FN:57,$s9DeepSwift7MulNodeC9_backwardyyKFSbyXEfu1_
FN:57,$s9DeepSwift7MulNodeC9_backwardyyKFSSyXEfu2_
FN:58,$s9DeepSwift7MulNodeC9_backwardyyKFSbyXEfu3_
FN:58,$s9DeepSwift7MulNodeC9_backwardyyKFSSyXEfu4_
FN:61,$s9DeepSwift7MulNodeCyAcA5Graph_p_AaD_ptcfc
FN:63,$s9DeepSwift7MulNodeCyAcA5Graph_p_AaD_ptcfcSSyXEfu_
FNDA:133,$s9DeepSwift7MulNodeC2id10Foundation4UUIDVvpfi
FNDA:960404,$s9DeepSwift7MulNodeC4leftAA5Graph_pvg
FNDA:120424,$s9DeepSwift7MulNodeC4leftAA5Graph_pvs
FNDA:960102,$s9DeepSwift7MulNodeC5rightAA5Graph_pvg
FNDA:120424,$s9DeepSwift7MulNodeC5rightAA5Graph_pvs
FNDA:0,$s9DeepSwift7MulNodeC7dumpDotSSvg
FNDA:135443,$s9DeepSwift7MulNodeC7forwardAA6MatrixVySdGyKF
FNDA:120424,$s9DeepSwift7MulNodeC9_backwardyyKF
FNDA:102417,$s9DeepSwift7MulNodeC9_backwardyyKFAA6MatrixVySdGyKXEfu_
FNDA:102115,$s9DeepSwift7MulNodeC9_backwardyyKFAA6MatrixVySdGyKXEfu0_
FNDA:120424,$s9DeepSwift7MulNodeC9_backwardyyKFSbyXEfu1_
FNDA:0,$s9DeepSwift7MulNodeC9_backwardyyKFSSyXEfu2_
FNDA:120424,$s9DeepSwift7MulNodeC9_backwardyyKFSbyXEfu3_
FNDA:0,$s9DeepSwift7MulNodeC9_backwardyyKFSSyXEfu4_
FNDA:133,$s9DeepSwift7MulNodeCyAcA5Graph_p_AaD_ptcfc
FNDA:0,$s9DeepSwift7MulNodeCyAcA5Graph_p_AaD_ptcfcSSyXEfu_
FNF:16
FNH:12
DA:20,133
DA:23,960404
DA:24,960404
DA:25,960404
DA:26,120424
DA:27,120424
DA:28,120424
DA:32,960102
DA:33,960102
DA:34,960102
DA:35,120424
DA:36,120424
DA:37,120424
DA:40,0
DA:41,0
DA:42,0
DA:43,0
DA:44,0
DA:46,135443
DA:47,135443
DA:48,135443
DA:49,135443
DA:51,120424
DA:52,102417
DA:53,120424
DA:54,102115
DA:55,120424
DA:56,120424
DA:57,120424
DA:58,120424
DA:59,120424
DA:61,133
DA:62,133
DA:63,0
DA:64,133
DA:65,133
DA:66,133
DA:67,133
BRF:0
BFH:0
LF:45
LH:36
end_of_record
SF:/Users/alexroar/Desktop/DeepL/DeepSwift/Sources/DeepSwift/Nodes/PowNode.swift
FN:23,$s9DeepSwift7PowNodeC2id10Foundation4UUIDVvpfi
FN:26,$s9DeepSwift7PowNodeC4leftAA5Graph_pvg
FN:29,$s9DeepSwift7PowNodeC4leftAA5Graph_pvs
FN:35,$s9DeepSwift7PowNodeC5rightAA5Graph_pvg
FN:38,$s9DeepSwift7PowNodeC5rightAA5Graph_pvs
FN:43,$s9DeepSwift7PowNodeC7dumpDotSSvg
FN:49,$s9DeepSwift7PowNodeC7forwardAA6MatrixVySdGyKF
FN:54,$s9DeepSwift7PowNodeC9_backwardyyKF
FN:59,$s9DeepSwift7PowNodeC9_backwardyyKFSbyXEfu_
FN:60,$s9DeepSwift7PowNodeC9_backwardyyKFSbyXEfu0_
FN:63,$s9DeepSwift7PowNodeCyAcA5Graph_p_AaD_ptcfc
FN:65,$s9DeepSwift7PowNodeCyAcA5Graph_p_AaD_ptcfcSSyXEfu_
FNDA:0,$s9DeepSwift7PowNodeC2id10Foundation4UUIDVvpfi
FNDA:0,$s9DeepSwift7PowNodeC4leftAA5Graph_pvg
FNDA:0,$s9DeepSwift7PowNodeC4leftAA5Graph_pvs
FNDA:0,$s9DeepSwift7PowNodeC5rightAA5Graph_pvg
FNDA:0,$s9DeepSwift7PowNodeC5rightAA5Graph_pvs
FNDA:0,$s9DeepSwift7PowNodeC7dumpDotSSvg
FNDA:0,$s9DeepSwift7PowNodeC7forwardAA6MatrixVySdGyKF
FNDA:0,$s9DeepSwift7PowNodeC9_backwardyyKF
FNDA:0,$s9DeepSwift7PowNodeC9_backwardyyKFSbyXEfu_
FNDA:0,$s9DeepSwift7PowNodeC9_backwardyyKFSbyXEfu0_
FNDA:0,$s9DeepSwift7PowNodeCyAcA5Graph_p_AaD_ptcfc
FNDA:0,$s9DeepSwift7PowNodeCyAcA5Graph_p_AaD_ptcfcSSyXEfu_
FNF:12
FNH:0
DA:23,0
DA:26,0
DA:27,0
DA:28,0
DA:29,0
DA:30,0
DA:31,0
DA:35,0
DA:36,0
DA:37,0
DA:38,0
DA:39,0
DA:40,0
DA:43,0
DA:44,0
DA:45,0
DA:46,0
DA:47,0
DA:49,0
DA:50,0
DA:51,0
DA:52,0
DA:54,0
DA:55,0
DA:56,0
DA:57,0
DA:58,0
DA:59,0
DA:60,0
DA:61,0
DA:63,0
DA:64,0
DA:65,0
DA:66,0
DA:67,0
DA:68,0
DA:69,0
BRF:0
BFH:0
LF:40
LH:0
end_of_record
SF:/Users/alexroar/Desktop/DeepL/DeepSwift/Sources/DeepSwift/Nodes/VarNode.swift
FN:15,$s9DeepSwift7VarNodeC8childrenSayAA5Graph_pGvpfi
FN:17,$s9DeepSwift7VarNodeC4gradAA6MatrixVySdGSgvpfi
FN:21,$s9DeepSwift7VarNodeC2id10Foundation4UUIDVvpfi
FN:29,$s9DeepSwift7VarNodeC7dumpDotSSvg
FN:33,$s9DeepSwift7VarNodeC7forwardAA6MatrixVySdGyKF
FN:38,$s9DeepSwift7VarNodeC9_backwardyyKF
FN:42,$s9DeepSwift7VarNodeC_4nameACyxGAA6MatrixVyxG_SStcfc
FN:52,$s9DeepSwift7VarNodeC6updateyyAA6MatrixVyxGF
FN:54,$s9DeepSwift7VarNodeC6updateyyAA6MatrixVyxGFSSyXEfu_
FNDA:31,$s9DeepSwift7VarNodeC8childrenSayAA5Graph_pGvpfi
FNDA:31,$s9DeepSwift7VarNodeC4gradAA6MatrixVySdGSgvpfi
FNDA:31,$s9DeepSwift7VarNodeC2id10Foundation4UUIDVvpfi
FNDA:0,$s9DeepSwift7VarNodeC7dumpDotSSvg
FNDA:105160,$s9DeepSwift7VarNodeC7forwardAA6MatrixVySdGyKF
FNDA:29813,$s9DeepSwift7VarNodeC9_backwardyyKF
FNDA:31,$s9DeepSwift7VarNodeC_4nameACyxGAA6MatrixVyxG_SStcfc
FNDA:24800,$s9DeepSwift7VarNodeC6updateyyAA6MatrixVyxGF
FNDA:0,$s9DeepSwift7VarNodeC6updateyyAA6MatrixVyxGFSSyXEfu_
FNF:9
FNH:7
DA:15,31
DA:17,31
DA:21,31
DA:29,0
DA:30,0
DA:31,0
DA:33,105160
DA:34,105160
DA:35,105160
DA:36,105160
DA:38,29813
DA:39,29813
DA:40,29813
DA:42,31
DA:43,31
DA:44,31
DA:45,2
DA:46,31
DA:47,31
DA:48,31
DA:49,31
DA:50,31
DA:52,24800
DA:53,24800
DA:54,0
DA:55,24800
DA:56,24800
DA:57,24800
BRF:0
BFH:0
LF:29
LH:24
end_of_record
SF:/Users/alexroar/Desktop/DeepL/DeepSwift/Sources/DeepSwift/NumericTypes/DComputable.swift
FN:16,$s9DeepSwift16FloatConvertiblePAAE10floatValueSfvg
FN:17,$s9DeepSwift16FloatConvertiblePAAE8intValueSivg
FN:18,$s9DeepSwift16FloatConvertiblePAAE12CGFloatValue12CoreGraphics0E0Vvg
FN:22,$s9DeepSwift16FloatConvertiblePAAE11descriptionSSvg
FN:28,$s12CoreGraphics7CGFloatV9DeepSwiftE11doubleValueSdvg
FN:30,$s12CoreGraphics7CGFloatV9DeepSwiftE11convertibleAcD16FloatConvertible_p_tcfC
FN:36,$sSf9DeepSwiftE11doubleValueSdvg
FN:38,$sSf9DeepSwiftE11convertibleSfAA16FloatConvertible_p_tcfC
FN:44,$sSd9DeepSwiftE11doubleValueSdvg
FN:46,$sSd9DeepSwiftE11convertibleSdAA16FloatConvertible_p_tcfC
FN:52,$sSi9DeepSwiftE11doubleValueSdvg
FN:54,$sSi9DeepSwiftE11convertibleSiAA16FloatConvertible_p_tcfC
FNDA:1,$s9DeepSwift16FloatConvertiblePAAE10floatValueSfvg
FNDA:145,$s9DeepSwift16FloatConvertiblePAAE8intValueSivg
FNDA:0,$s9DeepSwift16FloatConvertiblePAAE12CGFloatValue12CoreGraphics0E0Vvg
FNDA:0,$s9DeepSwift16FloatConvertiblePAAE11descriptionSSvg
FNDA:0,$s12CoreGraphics7CGFloatV9DeepSwiftE11doubleValueSdvg
FNDA:0,$s12CoreGraphics7CGFloatV9DeepSwiftE11convertibleAcD16FloatConvertible_p_tcfC
FNDA:1001,$sSf9DeepSwiftE11doubleValueSdvg
FNDA:1,$sSf9DeepSwiftE11convertibleSfAA16FloatConvertible_p_tcfC
FNDA:1312965,$sSd9DeepSwiftE11doubleValueSdvg
FNDA:1860898,$sSd9DeepSwiftE11convertibleSdAA16FloatConvertible_p_tcfC
FNDA:547078,$sSi9DeepSwiftE11doubleValueSdvg
FNDA:145,$sSi9DeepSwiftE11convertibleSiAA16FloatConvertible_p_tcfC
FNF:12
FNH:8
DA:16,1
DA:17,145
DA:18,0
DA:22,0
DA:23,0
DA:24,0
DA:28,0
DA:30,0
DA:31,0
DA:32,0
DA:36,1001
DA:38,1
DA:39,1
DA:40,1
DA:44,1312965
DA:46,1860898
DA:47,1860898
DA:48,1860898
DA:52,547078
DA:54,145
DA:55,145
DA:56,145
BRF:0
BFH:0
LF:22
LH:14
end_of_record
SF:/Users/alexroar/Desktop/DeepL/DeepSwift/Sources/DeepSwift/NumericTypes/Tensor.swift
FN:21,$s9DeepSwift5ShapeV1TACvg
FN:25,$s9DeepSwift5ShapeV5shapeSi3row_Si3coltvg
FN:29,$s9DeepSwift5ShapeV11descriptionSSvg
FN:33,$s9DeepSwift5ShapeV3row3colACSi_SitcfC
FN:38,$s9DeepSwift5ShapeVyACSi_SitcfC
FN:43,$s9DeepSwift5ShapeVyACSi_Sit_tcfC
FN:47,$s9DeepSwift5ShapeV13broadcastable5shapeSbAC_tF
FN:48,$s9DeepSwift5ShapeV13broadcastable5shapeSbAC_tFSbyKXEfu_
FN:49,$s9DeepSwift5ShapeV13broadcastable5shapeSbAC_tFSbyKXEfu0_
FN:49,$s9DeepSwift5ShapeV13broadcastable5shapeSbAC_tFSbyKXEfu0_SbyKXEfu1_
FN:49,$s9DeepSwift5ShapeV13broadcastable5shapeSbAC_tFSbyKXEfu0_SbyKXEfu1_SbyKXEfu2_
FN:50,$s9DeepSwift5ShapeV13broadcastable5shapeSbAC_tFSbyKXEfu3_
FN:50,$s9DeepSwift5ShapeV13broadcastable5shapeSbAC_tFSbyKXEfu3_SbyKXEfu4_
FN:50,$s9DeepSwift5ShapeV13broadcastable5shapeSbAC_tFSbyKXEfu3_SbyKXEfu4_SbyKXEfu5_
FN:51,$s9DeepSwift5ShapeV13broadcastable5shapeSbAC_tFSbyKXEfu6_
FN:54,$s9DeepSwift5ShapeV12arrayLiteralACSid_tcfC
FN:55,$s9DeepSwift5ShapeV12arrayLiteralACSid_tcfcSbyXEfu_
FN:55,$s9DeepSwift5ShapeV12arrayLiteralACSid_tcfcSSyXEfu0_
FN:60,$s9DeepSwift5ShapeV2eeoiySbAC_Si_SittFZ
FN:61,$s9DeepSwift5ShapeV2eeoiySbAC_Si_SittFZSbyKXEfu_
FN:64,$s9DeepSwift5ShapeV2eeoiySbSi_Sit_ACtFZ
FN:65,$s9DeepSwift5ShapeV2eeoiySbSi_Sit_ACtFZSbyKXEfu_
FN:68,$s9DeepSwift5ShapeV2eeoiySbAC_ACtFZ
FN:69,$s9DeepSwift5ShapeV2eeoiySbAC_ACtFZSbyKXEfu_
FN:72,$s9DeepSwift5ShapeV11broadcastedyA2C_ACtFZ
FN:98,$s9DeepSwift5ShapeV11broadcastedyA2C_ACtFZSSyXEfu_
FN:101,$s9DeepSwift5ShapeV7dotable5shapeSbAC_tF
FN:105,$s9DeepSwift5ShapeV5dotedyA2CF
FN:126,$s9DeepSwift6MatrixV12floatLiteralACyxGSd_tcfC
FN:132,$s9DeepSwift6MatrixV14integerLiteralACyxGSi_tcfC
FN:138,$s9DeepSwift6MatrixV12arrayLiteralACyxGSayxGd_tcfC
FN:139,$s9DeepSwift6MatrixV12arrayLiteralACyxGSayxGd_tcfcA2FXEfU_
FN:144,$s9DeepSwift6MatrixV12internalDataACyxGSaySayxGG_tcfC
FN:145,$s9DeepSwift6MatrixV12internalDataACyxGSaySayxGG_tcfcA2FXEfU_
FN:150,$s9DeepSwift6MatrixV12internalData3dimACyxGSayxG_AA5ShapeVtcfC
FN:156,$s9DeepSwift6MatrixVyACyxGxcfC
FN:162,$s9DeepSwift6MatrixVyxSi_Sitcig
FN:165,$s9DeepSwift6MatrixVyxSi_SitcigSbyKXEfu_
FN:165,$s9DeepSwift6MatrixVyxSi_SitcigSbyKXEfu0_
FN:165,$s9DeepSwift6MatrixVyxSi_SitcigSbyKXEfu1_
FN:166,$s9DeepSwift6MatrixVyxSi_SitcigSSyXEfu2_
FN:171,$s9DeepSwift6MatrixVys10ArraySliceVyxGSicig
FN:174,$s9DeepSwift6MatrixVys10ArraySliceVyxGSicigSbyKXEfu_
FN:175,$s9DeepSwift6MatrixVys10ArraySliceVyxGSicigSSyXEfu0_
FN:180,$s9DeepSwift6MatrixV11descriptionSSvg
FN:196,$s9DeepSwift6MatrixV6setInd4data5shape__3valySayxGz_AA5ShapeVS2ixtFZ
FN:200,$s9DeepSwift6MatrixV6getIndyxSi_SitF
FN:204,$s9DeepSwift6MatrixV2asyACyqd__Gqd__mAA16FloatConvertibleRd__SLRd__SjRd__lF
FN:208,$s9DeepSwift6MatrixV2asyACyqd__Gqd__mAA16FloatConvertibleRd__SLRd__SjRd__lFqd__xXEfU_
FN:214,$s9DeepSwift6MatrixV9generalOp3lhs3rhs2opACySdGACyxG_ACyqd__GS2d_SdtXEtAA16FloatConvertibleRd__SLRd__SjRd__lFZ
FN:222,$s9DeepSwift6MatrixV9generalOp3lhs3rhs2opACySdGACyxG_ACyqd__GS2d_SdtXEtAA16FloatConvertibleRd__SLRd__SjRd__lFZSSyXEfu_
FN:224,$s9DeepSwift6MatrixV9generalOp3lhs3rhs2opACySdGACyxG_ACyqd__GS2d_SdtXEtAA16FloatConvertibleRd__SLRd__SjRd__lFZS2d_qd__tXEfU_
FN:229,$s9DeepSwift6MatrixV9generalOp3lhs3rhs2opACyxGAH_AHxx_xtXEtFZ
FN:237,$s9DeepSwift6MatrixV9generalOp3lhs3rhs2opACyxGAH_AHxx_xtXEtFZSSyXEfu_
FN:242,$s9DeepSwift6MatrixV12generalOpNum3lhs3rhs2opACyxGAH_AA16FloatConvertible_pxx_xtXEtFZ
FN:243,$s9DeepSwift6MatrixV12generalOpNum3lhs3rhs2opACyxGAH_AA16FloatConvertible_pxx_xtXEtFZxxXEfU_
FN:246,$s9DeepSwift6MatrixV12generalOpNum3lhs3rhs2opACyxGAA16FloatConvertible_p_AHxx_xtXEtFZ
FN:247,$s9DeepSwift6MatrixV12generalOpNum3lhs3rhs2opACyxGAA16FloatConvertible_p_AHxx_xtXEtFZxxXEfU_
FN:250,$s9DeepSwift6MatrixV12generalOpNum3lhs3rhs2opACySdGACyxG_AA16FloatConvertible_pSdx_xtXEtFZ
FN:251,$s9DeepSwift6MatrixV12generalOpNum3lhs3rhs2opACySdGACyxG_AA16FloatConvertible_pSdx_xtXEtFZSdxXEfU_
FN:254,$s9DeepSwift6MatrixV12generalOpNum3lhs3rhs2opACySdGAA16FloatConvertible_p_ACyxGSdx_xtXEtFZ
FN:255,$s9DeepSwift6MatrixV12generalOpNum3lhs3rhs2opACySdGAA16FloatConvertible_p_ACyxGSdx_xtXEtFZSdxXEfU_
FN:258,$s9DeepSwift6MatrixV1poiyACyxGAE_AEtFZ
FN:259,$s9DeepSwift6MatrixV1poiyACyxGAE_AEtFZxx_xtcxmcfu_
FN:259,$s9DeepSwift6MatrixV1poiyACyxGAE_AEtFZxx_xtcxmcfu_xx_xtcfu0_
FN:262,$s9DeepSwift6MatrixV1poiyACySdGACyxG_ACyqd__GtAA16FloatConvertibleRd__SLRd__SjRd__lFZ
FN:263,$s9DeepSwift6MatrixV1poiyACySdGACyxG_ACyqd__GtAA16FloatConvertibleRd__SLRd__SjRd__lFZS2d_SdtcSdmcfu_
FN:263,$s9DeepSwift6MatrixV1poiyACySdGACyxG_ACyqd__GtAA16FloatConvertibleRd__SLRd__SjRd__lFZS2d_SdtcSdmcfu_S2d_Sdtcfu0_
FN:266,$s9DeepSwift6MatrixV1poiyACyxGAE_AA16FloatConvertible_ptFZ
FN:267,$s9DeepSwift6MatrixV1poiyACyxGAE_AA16FloatConvertible_ptFZxx_xtcxmcfu_
FN:267,$s9DeepSwift6MatrixV1poiyACyxGAE_AA16FloatConvertible_ptFZxx_xtcxmcfu_xx_xtcfu0_
FN:270,$s9DeepSwift6MatrixV1poiyACyxGAA16FloatConvertible_p_AEtFZ
FN:271,$s9DeepSwift6MatrixV1poiyACyxGAA16FloatConvertible_p_AEtFZxx_xtcxmcfu_
FN:271,$s9DeepSwift6MatrixV1poiyACyxGAA16FloatConvertible_p_AEtFZxx_xtcxmcfu_xx_xtcfu0_
FN:273,$s9DeepSwift6MatrixV1soiyACySdGACyxG_ACyqd__GtAA16FloatConvertibleRd__SLRd__SjRd__lFZ
FN:274,$s9DeepSwift6MatrixV1soiyACySdGACyxG_ACyqd__GtAA16FloatConvertibleRd__SLRd__SjRd__lFZS2d_SdtcSdmcfu_
FN:274,$s9DeepSwift6MatrixV1soiyACySdGACyxG_ACyqd__GtAA16FloatConvertibleRd__SLRd__SjRd__lFZS2d_SdtcSdmcfu_S2d_Sdtcfu0_
FN:277,$s9DeepSwift6MatrixV1soiyACyxGAE_AEtFZ
FN:278,$s9DeepSwift6MatrixV1soiyACyxGAE_AEtFZxx_xtcxmcfu_
FN:278,$s9DeepSwift6MatrixV1soiyACyxGAE_AEtFZxx_xtcxmcfu_xx_xtcfu0_
FN:281,$s9DeepSwift6MatrixV1moiyACyxGAE_AEtFZ
FN:282,$s9DeepSwift6MatrixV1moiyACyxGAE_AEtFZxx_xtcxmcfu_
FN:282,$s9DeepSwift6MatrixV1moiyACyxGAE_AEtFZxx_xtcxmcfu_xx_xtcfu0_
FN:285,$s9DeepSwift6MatrixV1moiyACySdGACyxG_ACyqd__GtAA16FloatConvertibleRd__SLRd__SjRd__lFZ
FN:286,$s9DeepSwift6MatrixV1moiyACySdGACyxG_ACyqd__GtAA16FloatConvertibleRd__SLRd__SjRd__lFZS2d_SdtcSdmcfu_
FN:286,$s9DeepSwift6MatrixV1moiyACySdGACyxG_ACyqd__GtAA16FloatConvertibleRd__SLRd__SjRd__lFZS2d_SdtcSdmcfu_S2d_Sdtcfu0_
FN:289,$s9DeepSwift6MatrixV1moiyACyxGAE_AA16FloatConvertible_ptFZ
FN:290,$s9DeepSwift6MatrixV1moiyACyxGAE_AA16FloatConvertible_ptFZxx_xtcxmcfu_
FN:290,$s9DeepSwift6MatrixV1moiyACyxGAE_AA16FloatConvertible_ptFZxx_xtcxmcfu_xx_xtcfu0_
FN:293,$s9DeepSwift6MatrixV1moiyACyxGAA16FloatConvertible_p_AEtFZ
FN:294,$s9DeepSwift6MatrixV1moiyACyxGAA16FloatConvertible_p_AEtFZxx_xtcxmcfu_
FN:294,$s9DeepSwift6MatrixV1moiyACyxGAA16FloatConvertible_p_AEtFZxx_xtcxmcfu_xx_xtcfu0_
FN:297,$s9DeepSwift6MatrixV1soiyACyxGAE_AA16FloatConvertible_ptFZ
FN:298,$s9DeepSwift6MatrixV1soiyACyxGAE_AA16FloatConvertible_ptFZxx_xtcxmcfu_
FN:298,$s9DeepSwift6MatrixV1soiyACyxGAE_AA16FloatConvertible_ptFZxx_xtcxmcfu_xx_xtcfu0_
FN:301,$s9DeepSwift6MatrixV1soiyACyxGAA16FloatConvertible_p_AEtFZ
FN:302,$s9DeepSwift6MatrixV1soiyACyxGAA16FloatConvertible_p_AEtFZxx_xtcxmcfu_
FN:302,$s9DeepSwift6MatrixV1soiyACyxGAA16FloatConvertible_p_AEtFZxx_xtcxmcfu_xx_xtcfu0_
FN:305,$s9DeepSwift6MatrixV1doiyACySdGACyxG_AFtFZ
FN:306,$s9DeepSwift6MatrixV1doiyACySdGACyxG_AFtFZS2d_SdtcSdmcfu_
FN:306,$s9DeepSwift6MatrixV1doiyACySdGACyxG_AFtFZS2d_SdtcSdmcfu_S2d_Sdtcfu0_
FN:309,$s9DeepSwift6MatrixV1doiyACySdGACyxG_ACyqd__GtAA16FloatConvertibleRd__SLRd__SjRd__lFZ
FN:310,$s9DeepSwift6MatrixV1doiyACySdGACyxG_ACyqd__GtAA16FloatConvertibleRd__SLRd__SjRd__lFZS2d_SdtcSdmcfu_
FN:310,$s9DeepSwift6MatrixV1doiyACySdGACyxG_ACyqd__GtAA16FloatConvertibleRd__SLRd__SjRd__lFZS2d_SdtcSdmcfu_S2d_Sdtcfu0_
FN:313,$s9DeepSwift6MatrixV1doiyACySdGACyxG_AA16FloatConvertible_ptFZ
FN:314,$s9DeepSwift6MatrixV1doiyACySdGACyxG_AA16FloatConvertible_ptFZSdx_xtXEfU_
FN:319,$s9DeepSwift6MatrixV1doiyACySdGAA16FloatConvertible_p_ACyxGtFZ
FN:320,$s9DeepSwift6MatrixV1doiyACySdGAA16FloatConvertible_p_ACyxGtFZSdx_xtXEfU_
FN:325,$s9DeepSwift6MatrixV2mmoiyACyxGAE_AA16FloatConvertible_ptFZ
FN:327,$s9DeepSwift6MatrixV2mmoiyACyxGAE_AA16FloatConvertible_ptFZxxXEfU_
FN:332,$s9DeepSwift6MatrixV1sopyACyxGAEFZ
FN:333,$s9DeepSwift6MatrixV1sopyACyxGAEFZxxXEfU_
FN:338,$s9DeepSwift6MatrixV4zero3dimACyxGAA5ShapeV_tFZ
FN:339,$s9DeepSwift6MatrixV4zero3dimACyxGAA5ShapeV_tFZxSi_SitXEfU_
FN:344,$s9DeepSwift6MatrixV4zero3dimACyxGSi_tFZ
FN:348,$s9DeepSwift6MatrixV4ones3dimACyxGAA5ShapeV_tFZ
FN:349,$s9DeepSwift6MatrixV4ones3dimACyxGAA5ShapeV_tFZxSi_SitXEfU_
FN:354,$s9DeepSwift6MatrixV4ones3dimACyxGSi_tFZ
FN:358,$s9DeepSwift6MatrixV3eye3dimACyxGSi_tFZ
FN:359,$s9DeepSwift6MatrixV3eye3dimACyxGSi_tFZxSi_SitXEfU_
FN:364,$s9DeepSwift6MatrixV6random3dim9generatorACyxGAA5ShapeV_xyXEtFZ
FN:365,$s9DeepSwift6MatrixV6random3dim9generatorACyxGAA5ShapeV_xyXEtFZxSi_SitXEfU_
FN:370,$s9DeepSwift6MatrixV9generated3dim9generatorACyxGAA5ShapeV_xSi_SitXEtFZ
FN:373,$s9DeepSwift6MatrixV9generated3dim9generatorACyxGAA5ShapeV_xSi_SitXEtFZxx_SitXEfU_
FN:377,$s9DeepSwift6MatrixV1TACyxGvg
FN:399,$s9DeepSwift6MatrixV3dotyACyxGAEF
FN:401,$s9DeepSwift6MatrixV3dotyACyxGAEFSSyXEfu_
FN:429,$s9DeepSwift6MatrixV3dotyACySdGACyqd__GAA16FloatConvertibleRd__SLRd__SjRd__lF
FN:431,$s9DeepSwift6MatrixV3dotyACySdGACyqd__GAA16FloatConvertibleRd__SLRd__SjRd__lFSSyXEfu_
FN:447,$s9DeepSwift6MatrixV2eeoiySbACyxG_AEtFZ
FN:448,$s9DeepSwift6MatrixV2eeoiySbACyxG_AEtFZSbyKXEfu_
FN:451,$s9DeepSwift6MatrixV3mapyACyxGxxXEF
FN:455,$s9DeepSwift6MatrixV9broadcast3colACyxGSi_tKF
FN:460,$s9DeepSwift6MatrixV9broadcast3colACyxGSi_tKFSayxGxXEfU_
FN:464,$s9DeepSwift6MatrixV9broadcast3rowACyxGSi_tKF
FN:472,$s9DeepSwift6MatrixV9broadcast3row3colACyxGSi_SitKF
FN:478,$s9DeepSwift6MatrixV9broadcast3row3colACyxGSi_SitKFSbyKXEfu_
FN:486,$s9DeepSwift6MatrixV9broadcast5shapeACyxGAA5ShapeV_tKF
FN:490,$s9DeepSwift6MatrixV13broadcastable5shapeSbAA5ShapeV_tF
FN:494,$s9DeepSwift6MatrixV13broadcastable6matrixSbACyqd__G_tAA16FloatConvertibleRd__SLRd__SjRd__lF
FN:498,$s9DeepSwift6MatrixV8downcast3row3colACyxGSi_SitKF
FN:499,$s9DeepSwift6MatrixV8downcast3row3colACyxGSi_SitKFSbyKXEfu_
FN:502,$s9DeepSwift6MatrixV8downcast3row3colACyxGSi_SitKFSbyKXEfu0_
FN:504,$s9DeepSwift6MatrixV8downcast3row3colACyxGSi_SitKFSbyKXEfu1_
FN:515,$s9DeepSwift6MatrixV10reduceMean5shapeACyxGAA5ShapeV_tKF
FN:530,$s9DeepSwift6MatrixV3maxxyF
FN:534,$s9DeepSwift6MatrixV9reduceSum4axisACyxGSi_tF
FN:538,$s9DeepSwift6MatrixV9reduceSum4axisACyxGSi_tFxx_xtcxmcfu_
FN:538,$s9DeepSwift6MatrixV9reduceSum4axisACyxGSi_tFxx_xtcxmcfu_xx_xtcfu0_
FN:544,$s9DeepSwift6MatrixV9reduceSum4axisACyxGSi_tFxx_xtcxmcfu1_
FN:544,$s9DeepSwift6MatrixV9reduceSum4axisACyxGSi_tFxx_xtcxmcfu1_xx_xtcfu2_
FN:550,$s9DeepSwift6MatrixV3sumACyxGyF
FN:551,$s9DeepSwift6MatrixV3sumACyxGyFxx_xtXEfU_
FN:556,$s9DeepSwift6MatrixV16cmpBroadCastable3lhs3rhs2opACySiGACyxG_AISbx_xtXEtFZ
FN:558,$s9DeepSwift6MatrixV16cmpBroadCastable3lhs3rhs2opACySiGACyxG_AISbx_xtXEtFZSix_xtXEfU_
FN:566,$s9DeepSwift6MatrixV16cmpBroadCastable3lhs3rhs2opACySiGACyxG_AISbx_xtXEtFZSSyXEfu_
FN:569,$s9DeepSwift6MatrixV1loiyACySiGACyxG_AA16FloatConvertible_ptFZ
FN:570,$s9DeepSwift6MatrixV1loiyACySiGACyxG_AA16FloatConvertible_ptFZSbx_xtcxmcfu_
FN:570,$s9DeepSwift6MatrixV1loiyACySiGACyxG_AA16FloatConvertible_ptFZSbx_xtcxmcfu_Sbx_xtcfu0_
FN:573,$s9DeepSwift6MatrixV1goiyACySiGACyxG_AA16FloatConvertible_ptFZ
FN:574,$s9DeepSwift6MatrixV1goiyACySiGACyxG_AA16FloatConvertible_ptFZSbx_xtcxmcfu_
FN:574,$s9DeepSwift6MatrixV1goiyACySiGACyxG_AA16FloatConvertible_ptFZSbx_xtcxmcfu_Sbx_xtcfu0_
FN:577,$s9DeepSwift6MatrixV2eeoiyACySiGACyxG_AA16FloatConvertible_ptFZ
FN:578,$s9DeepSwift6MatrixV2eeoiyACySiGACyxG_AA16FloatConvertible_ptFZSbx_xtcxmcfu_
FN:578,$s9DeepSwift6MatrixV2eeoiyACySiGACyxG_AA16FloatConvertible_ptFZSbx_xtcxmcfu_Sbx_xtcfu0_
FN:581,$s9DeepSwift6MatrixV1loiyACySiGAA16FloatConvertible_p_ACyxGtFZ
FN:582,$s9DeepSwift6MatrixV1loiyACySiGAA16FloatConvertible_p_ACyxGtFZSbx_xtcxmcfu_
FN:582,$s9DeepSwift6MatrixV1loiyACySiGAA16FloatConvertible_p_ACyxGtFZSbx_xtcxmcfu_Sbx_xtcfu0_
FN:585,$s9DeepSwift6MatrixV1goiyACySiGAA16FloatConvertible_p_ACyxGtFZ
FN:586,$s9DeepSwift6MatrixV1goiyACySiGAA16FloatConvertible_p_ACyxGtFZSbx_xtcxmcfu_
FN:586,$s9DeepSwift6MatrixV1goiyACySiGAA16FloatConvertible_p_ACyxGtFZSbx_xtcxmcfu_Sbx_xtcfu0_
FN:589,$s9DeepSwift6MatrixV2eeoiyACySiGAA16FloatConvertible_p_ACyxGtFZ
FN:590,$s9DeepSwift6MatrixV2eeoiyACySiGAA16FloatConvertible_p_ACyxGtFZSbx_xtcxmcfu_
FN:590,$s9DeepSwift6MatrixV2eeoiyACySiGAA16FloatConvertible_p_ACyxGtFZSbx_xtcxmcfu_Sbx_xtcfu0_
FNDA:0,$s9DeepSwift5ShapeV1TACvg
FNDA:185,$s9DeepSwift5ShapeV5shapeSi3row_Si3coltvg
FNDA:62656,$s9DeepSwift5ShapeV11descriptionSSvg
FNDA:42387,$s9DeepSwift5ShapeV3row3colACSi_SitcfC
FNDA:1218003,$s9DeepSwift5ShapeVyACSi_SitcfC
FNDA:0,$s9DeepSwift5ShapeVyACSi_Sit_tcfC
FNDA:244,$s9DeepSwift5ShapeV13broadcastable5shapeSbAC_tF
FNDA:46,$s9DeepSwift5ShapeV13broadcastable5shapeSbAC_tFSbyKXEfu_
FNDA:37,$s9DeepSwift5ShapeV13broadcastable5shapeSbAC_tFSbyKXEfu0_
FNDA:35,$s9DeepSwift5ShapeV13broadcastable5shapeSbAC_tFSbyKXEfu0_SbyKXEfu1_
FNDA:33,$s9DeepSwift5ShapeV13broadcastable5shapeSbAC_tFSbyKXEfu0_SbyKXEfu1_SbyKXEfu2_
FNDA:34,$s9DeepSwift5ShapeV13broadcastable5shapeSbAC_tFSbyKXEfu3_
FNDA:34,$s9DeepSwift5ShapeV13broadcastable5shapeSbAC_tFSbyKXEfu3_SbyKXEfu4_
FNDA:18,$s9DeepSwift5ShapeV13broadcastable5shapeSbAC_tFSbyKXEfu3_SbyKXEfu4_SbyKXEfu5_
FNDA:17,$s9DeepSwift5ShapeV13broadcastable5shapeSbAC_tFSbyKXEfu6_
FNDA:0,$s9DeepSwift5ShapeV12arrayLiteralACSid_tcfC
FNDA:0,$s9DeepSwift5ShapeV12arrayLiteralACSid_tcfcSbyXEfu_
FNDA:0,$s9DeepSwift5ShapeV12arrayLiteralACSid_tcfcSSyXEfu0_
FNDA:276,$s9DeepSwift5ShapeV2eeoiySbAC_Si_SittFZ
FNDA:225,$s9DeepSwift5ShapeV2eeoiySbAC_Si_SittFZSbyKXEfu_
FNDA:17,$s9DeepSwift5ShapeV2eeoiySbSi_Sit_ACtFZ
FNDA:17,$s9DeepSwift5ShapeV2eeoiySbSi_Sit_ACtFZSbyKXEfu_
FNDA:2331865,$s9DeepSwift5ShapeV2eeoiySbAC_ACtFZ
FNDA:2132487,$s9DeepSwift5ShapeV2eeoiySbAC_ACtFZSbyKXEfu_
FNDA:240,$s9DeepSwift5ShapeV11broadcastedyA2C_ACtFZ
FNDA:0,$s9DeepSwift5ShapeV11broadcastedyA2C_ACtFZSSyXEfu_
FNDA:0,$s9DeepSwift5ShapeV7dotable5shapeSbAC_tF
FNDA:0,$s9DeepSwift5ShapeV5dotedyA2CF
FNDA:0,$s9DeepSwift6MatrixV12floatLiteralACyxGSd_tcfC
FNDA:95640,$s9DeepSwift6MatrixV14integerLiteralACyxGSi_tcfC
FNDA:27,$s9DeepSwift6MatrixV12arrayLiteralACyxGSayxGd_tcfC
FNDA:69,$s9DeepSwift6MatrixV12arrayLiteralACyxGSayxGd_tcfcA2FXEfU_
FNDA:11022,$s9DeepSwift6MatrixV12internalDataACyxGSaySayxGG_tcfC
FNDA:110139,$s9DeepSwift6MatrixV12internalDataACyxGSaySayxGG_tcfcA2FXEfU_
FNDA:2530012,$s9DeepSwift6MatrixV12internalData3dimACyxGSayxG_AA5ShapeVtcfC
FNDA:446426,$s9DeepSwift6MatrixVyACyxGxcfC
FNDA:10561,$s9DeepSwift6MatrixVyxSi_Sitcig
FNDA:10561,$s9DeepSwift6MatrixVyxSi_SitcigSbyKXEfu_
FNDA:10561,$s9DeepSwift6MatrixVyxSi_SitcigSbyKXEfu0_
FNDA:10561,$s9DeepSwift6MatrixVyxSi_SitcigSbyKXEfu1_
FNDA:0,$s9DeepSwift6MatrixVyxSi_SitcigSSyXEfu2_
FNDA:0,$s9DeepSwift6MatrixVys10ArraySliceVyxGSicig
FNDA:0,$s9DeepSwift6MatrixVys10ArraySliceVyxGSicigSbyKXEfu_
FNDA:0,$s9DeepSwift6MatrixVys10ArraySliceVyxGSicigSSyXEfu0_
FNDA:0,$s9DeepSwift6MatrixV11descriptionSSvg
FNDA:0,$s9DeepSwift6MatrixV6setInd4data5shape__3valySayxGz_AA5ShapeVS2ixtFZ
FNDA:10561,$s9DeepSwift6MatrixV6getIndyxSi_SitF
FNDA:641845,$s9DeepSwift6MatrixV2asyACyqd__Gqd__mAA16FloatConvertibleRd__SLRd__SjRd__lF
FNDA:64169,$s9DeepSwift6MatrixV2asyACyqd__Gqd__mAA16FloatConvertibleRd__SLRd__SjRd__lFqd__xXEfU_
FNDA:1008,$s9DeepSwift6MatrixV9generalOp3lhs3rhs2opACySdGACyxG_ACyqd__GS2d_SdtXEtAA16FloatConvertibleRd__SLRd__SjRd__lFZ
FNDA:0,$s9DeepSwift6MatrixV9generalOp3lhs3rhs2opACySdGACyxG_ACyqd__GS2d_SdtXEtAA16FloatConvertibleRd__SLRd__SjRd__lFZSSyXEfu_
FNDA:1037,$s9DeepSwift6MatrixV9generalOp3lhs3rhs2opACySdGACyxG_ACyqd__GS2d_SdtXEtAA16FloatConvertibleRd__SLRd__SjRd__lFZS2d_qd__tXEfU_
FNDA:1291573,$s9DeepSwift6MatrixV9generalOp3lhs3rhs2opACyxGAH_AHxx_xtXEtFZ
FNDA:0,$s9DeepSwift6MatrixV9generalOp3lhs3rhs2opACyxGAH_AHxx_xtXEtFZSSyXEfu_
FNDA:24807,$s9DeepSwift6MatrixV12generalOpNum3lhs3rhs2opACyxGAH_AA16FloatConvertible_pxx_xtXEtFZ
FNDA:191740,$s9DeepSwift6MatrixV12generalOpNum3lhs3rhs2opACyxGAH_AA16FloatConvertible_pxx_xtXEtFZxxXEfU_
FNDA:15000,$s9DeepSwift6MatrixV12generalOpNum3lhs3rhs2opACyxGAA16FloatConvertible_p_AHxx_xtXEtFZ
FNDA:15000,$s9DeepSwift6MatrixV12generalOpNum3lhs3rhs2opACyxGAA16FloatConvertible_p_AHxx_xtXEtFZxxXEfU_
FNDA:371063,$s9DeepSwift6MatrixV12generalOpNum3lhs3rhs2opACySdGACyxG_AA16FloatConvertible_pSdx_xtXEtFZ
FNDA:371079,$s9DeepSwift6MatrixV12generalOpNum3lhs3rhs2opACySdGACyxG_AA16FloatConvertible_pSdx_xtXEtFZSdxXEfU_
FNDA:2002,$s9DeepSwift6MatrixV12generalOpNum3lhs3rhs2opACySdGAA16FloatConvertible_p_ACyxGSdx_xtXEtFZ
FNDA:2002,$s9DeepSwift6MatrixV12generalOpNum3lhs3rhs2opACySdGAA16FloatConvertible_p_ACyxGSdx_xtXEtFZSdxXEfU_
FNDA:669425,$s9DeepSwift6MatrixV1poiyACyxGAE_AEtFZ
FNDA:669425,$s9DeepSwift6MatrixV1poiyACyxGAE_AEtFZxx_xtcxmcfu_
FNDA:1674366,$s9DeepSwift6MatrixV1poiyACyxGAE_AEtFZxx_xtcxmcfu_xx_xtcfu0_
FNDA:0,$s9DeepSwift6MatrixV1poiyACySdGACyxG_ACyqd__GtAA16FloatConvertibleRd__SLRd__SjRd__lFZ
FNDA:0,$s9DeepSwift6MatrixV1poiyACySdGACyxG_ACyqd__GtAA16FloatConvertibleRd__SLRd__SjRd__lFZS2d_SdtcSdmcfu_
FNDA:0,$s9DeepSwift6MatrixV1poiyACySdGACyxG_ACyqd__GtAA16FloatConvertibleRd__SLRd__SjRd__lFZS2d_SdtcSdmcfu_S2d_Sdtcfu0_
FNDA:4,$s9DeepSwift6MatrixV1poiyACyxGAE_AA16FloatConvertible_ptFZ
FNDA:4,$s9DeepSwift6MatrixV1poiyACyxGAE_AA16FloatConvertible_ptFZxx_xtcxmcfu_
FNDA:21,$s9DeepSwift6MatrixV1poiyACyxGAE_AA16FloatConvertible_ptFZxx_xtcxmcfu_xx_xtcfu0_
FNDA:0,$s9DeepSwift6MatrixV1poiyACyxGAA16FloatConvertible_p_AEtFZ
FNDA:0,$s9DeepSwift6MatrixV1poiyACyxGAA16FloatConvertible_p_AEtFZxx_xtcxmcfu_
FNDA:0,$s9DeepSwift6MatrixV1poiyACyxGAA16FloatConvertible_p_AEtFZxx_xtcxmcfu_xx_xtcfu0_
FNDA:0,$s9DeepSwift6MatrixV1soiyACySdGACyxG_ACyqd__GtAA16FloatConvertibleRd__SLRd__SjRd__lFZ
FNDA:0,$s9DeepSwift6MatrixV1soiyACySdGACyxG_ACyqd__GtAA16FloatConvertibleRd__SLRd__SjRd__lFZS2d_SdtcSdmcfu_
FNDA:0,$s9DeepSwift6MatrixV1soiyACySdGACyxG_ACyqd__GtAA16FloatConvertibleRd__SLRd__SjRd__lFZS2d_SdtcSdmcfu_S2d_Sdtcfu0_
FNDA:25801,$s9DeepSwift6MatrixV1soiyACyxGAE_AEtFZ
FNDA:25801,$s9DeepSwift6MatrixV1soiyACyxGAE_AEtFZxx_xtcxmcfu_
FNDA:192701,$s9DeepSwift6MatrixV1soiyACyxGAE_AEtFZxx_xtcxmcfu_xx_xtcfu0_
FNDA:484803,$s9DeepSwift6MatrixV1moiyACyxGAE_AEtFZ
FNDA:484803,$s9DeepSwift6MatrixV1moiyACyxGAE_AEtFZxx_xtcxmcfu_
FNDA:1387900,$s9DeepSwift6MatrixV1moiyACyxGAE_AEtFZxx_xtcxmcfu_xx_xtcfu0_
FNDA:0,$s9DeepSwift6MatrixV1moiyACySdGACyxG_ACyqd__GtAA16FloatConvertibleRd__SLRd__SjRd__lFZ
FNDA:0,$s9DeepSwift6MatrixV1moiyACySdGACyxG_ACyqd__GtAA16FloatConvertibleRd__SLRd__SjRd__lFZS2d_SdtcSdmcfu_
FNDA:0,$s9DeepSwift6MatrixV1moiyACySdGACyxG_ACyqd__GtAA16FloatConvertibleRd__SLRd__SjRd__lFZS2d_SdtcSdmcfu_S2d_Sdtcfu0_
FNDA:5502,$s9DeepSwift6MatrixV1moiyACyxGAE_AA16FloatConvertible_ptFZ
FNDA:5502,$s9DeepSwift6MatrixV1moiyACyxGAE_AA16FloatConvertible_ptFZxx_xtcxmcfu_
FNDA:5518,$s9DeepSwift6MatrixV1moiyACyxGAE_AA16FloatConvertible_ptFZxx_xtcxmcfu_xx_xtcfu0_
FNDA:19301,$s9DeepSwift6MatrixV1moiyACyxGAA16FloatConvertible_p_AEtFZ
FNDA:19301,$s9DeepSwift6MatrixV1moiyACyxGAA16FloatConvertible_p_AEtFZxx_xtcxmcfu_
FNDA:186201,$s9DeepSwift6MatrixV1moiyACyxGAA16FloatConvertible_p_AEtFZxx_xtcxmcfu_xx_xtcfu0_
FNDA:0,$s9DeepSwift6MatrixV1soiyACyxGAE_AA16FloatConvertible_ptFZ
FNDA:0,$s9DeepSwift6MatrixV1soiyACyxGAE_AA16FloatConvertible_ptFZxx_xtcxmcfu_
FNDA:0,$s9DeepSwift6MatrixV1soiyACyxGAE_AA16FloatConvertible_ptFZxx_xtcxmcfu_xx_xtcfu0_
FNDA:15000,$s9DeepSwift6MatrixV1soiyACyxGAA16FloatConvertible_p_AEtFZ
FNDA:15000,$s9DeepSwift6MatrixV1soiyACyxGAA16FloatConvertible_p_AEtFZxx_xtcxmcfu_
FNDA:15000,$s9DeepSwift6MatrixV1soiyACyxGAA16FloatConvertible_p_AEtFZxx_xtcxmcfu_xx_xtcfu0_
FNDA:1005,$s9DeepSwift6MatrixV1doiyACySdGACyxG_AFtFZ
FNDA:1005,$s9DeepSwift6MatrixV1doiyACySdGACyxG_AFtFZS2d_SdtcSdmcfu_
FNDA:1037,$s9DeepSwift6MatrixV1doiyACySdGACyxG_AFtFZS2d_SdtcSdmcfu_S2d_Sdtcfu0_
FNDA:0,$s9DeepSwift6MatrixV1doiyACySdGACyxG_ACyqd__GtAA16FloatConvertibleRd__SLRd__SjRd__lFZ
FNDA:0,$s9DeepSwift6MatrixV1doiyACySdGACyxG_ACyqd__GtAA16FloatConvertibleRd__SLRd__SjRd__lFZS2d_SdtcSdmcfu_
FNDA:0,$s9DeepSwift6MatrixV1doiyACySdGACyxG_ACyqd__GtAA16FloatConvertibleRd__SLRd__SjRd__lFZS2d_SdtcSdmcfu_S2d_Sdtcfu0_
FNDA:371063,$s9DeepSwift6MatrixV1doiyACySdGACyxG_AA16FloatConvertible_ptFZ
FNDA:371079,$s9DeepSwift6MatrixV1doiyACySdGACyxG_AA16FloatConvertible_ptFZSdx_xtXEfU_
FNDA:2002,$s9DeepSwift6MatrixV1doiyACySdGAA16FloatConvertible_p_ACyxGtFZ
FNDA:2002,$s9DeepSwift6MatrixV1doiyACySdGAA16FloatConvertible_p_ACyxGtFZSdx_xtXEfU_
FNDA:0,$s9DeepSwift6MatrixV2mmoiyACyxGAE_AA16FloatConvertible_ptFZ
FNDA:0,$s9DeepSwift6MatrixV2mmoiyACyxGAE_AA16FloatConvertible_ptFZxxXEfU_
FNDA:0,$s9DeepSwift6MatrixV1sopyACyxGAEFZ
FNDA:0,$s9DeepSwift6MatrixV1sopyACyxGAEFZxxXEfU_
FNDA:522590,$s9DeepSwift6MatrixV4zero3dimACyxGAA5ShapeV_tFZ
FNDA:916692,$s9DeepSwift6MatrixV4zero3dimACyxGAA5ShapeV_tFZxSi_SitXEfU_
FNDA:0,$s9DeepSwift6MatrixV4zero3dimACyxGSi_tFZ
FNDA:21811,$s9DeepSwift6MatrixV4ones3dimACyxGAA5ShapeV_tFZ
FNDA:21920,$s9DeepSwift6MatrixV4ones3dimACyxGAA5ShapeV_tFZxSi_SitXEfU_
FNDA:0,$s9DeepSwift6MatrixV4ones3dimACyxGSi_tFZ
FNDA:0,$s9DeepSwift6MatrixV3eye3dimACyxGSi_tFZ
FNDA:0,$s9DeepSwift6MatrixV3eye3dimACyxGSi_tFZxSi_SitXEfU_
FNDA:24,$s9DeepSwift6MatrixV6random3dim9generatorACyxGAA5ShapeV_xyXEtFZ
FNDA:246,$s9DeepSwift6MatrixV6random3dim9generatorACyxGAA5ShapeV_xyXEtFZxSi_SitXEfU_
FNDA:544425,$s9DeepSwift6MatrixV9generated3dim9generatorACyxGAA5ShapeV_xSi_SitXEtFZ
FNDA:938858,$s9DeepSwift6MatrixV9generated3dim9generatorACyxGAA5ShapeV_xSi_SitXEtFZxx_SitXEfU_
FNDA:0,$s9DeepSwift6MatrixV1TACyxGvg
FNDA:0,$s9DeepSwift6MatrixV3dotyACyxGAEF
FNDA:0,$s9DeepSwift6MatrixV3dotyACyxGAEFSSyXEfu_
FNDA:0,$s9DeepSwift6MatrixV3dotyACySdGACyqd__GAA16FloatConvertibleRd__SLRd__SjRd__lF
FNDA:0,$s9DeepSwift6MatrixV3dotyACySdGACyqd__GAA16FloatConvertibleRd__SLRd__SjRd__lFSSyXEfu_
FNDA:4,$s9DeepSwift6MatrixV2eeoiySbACyxG_AEtFZ
FNDA:4,$s9DeepSwift6MatrixV2eeoiySbACyxG_AEtFZSbyKXEfu_
FNDA:194019,$s9DeepSwift6MatrixV3mapyACyxGxxXEF
FNDA:30006,$s9DeepSwift6MatrixV9broadcast3colACyxGSi_tKF
FNDA:30009,$s9DeepSwift6MatrixV9broadcast3colACyxGSi_tKFSayxGxXEfU_
FNDA:15027,$s9DeepSwift6MatrixV9broadcast3rowACyxGSi_tKF
FNDA:142876,$s9DeepSwift6MatrixV9broadcast3row3colACyxGSi_SitKF
FNDA:70527,$s9DeepSwift6MatrixV9broadcast3row3colACyxGSi_SitKFSbyKXEfu_
FNDA:142876,$s9DeepSwift6MatrixV9broadcast5shapeACyxGAA5ShapeV_tKF
FNDA:0,$s9DeepSwift6MatrixV13broadcastable5shapeSbAA5ShapeV_tF
FNDA:0,$s9DeepSwift6MatrixV13broadcastable6matrixSbACyqd__G_tAA16FloatConvertibleRd__SLRd__SjRd__lF
FNDA:0,$s9DeepSwift6MatrixV8downcast3row3colACyxGSi_SitKF
FNDA:0,$s9DeepSwift6MatrixV8downcast3row3colACyxGSi_SitKFSbyKXEfu_
FNDA:0,$s9DeepSwift6MatrixV8downcast3row3colACyxGSi_SitKFSbyKXEfu0_
FNDA:0,$s9DeepSwift6MatrixV8downcast3row3colACyxGSi_SitKFSbyKXEfu1_
FNDA:437486,$s9DeepSwift6MatrixV10reduceMean5shapeACyxGAA5ShapeV_tKF
FNDA:0,$s9DeepSwift6MatrixV3maxxyF
FNDA:33008,$s9DeepSwift6MatrixV9reduceSum4axisACyxGSi_tF
FNDA:30029,$s9DeepSwift6MatrixV9reduceSum4axisACyxGSi_tFxx_xtcxmcfu_
FNDA:30044,$s9DeepSwift6MatrixV9reduceSum4axisACyxGSi_tFxx_xtcxmcfu_xx_xtcfu0_
FNDA:60000,$s9DeepSwift6MatrixV9reduceSum4axisACyxGSi_tFxx_xtcxmcfu1_
FNDA:60000,$s9DeepSwift6MatrixV9reduceSum4axisACyxGSi_tFxx_xtcxmcfu1_xx_xtcfu2_
FNDA:446294,$s9DeepSwift6MatrixV3sumACyxGyF
FNDA:778286,$s9DeepSwift6MatrixV3sumACyxGyFxx_xtXEfU_
FNDA:0,$s9DeepSwift6MatrixV16cmpBroadCastable3lhs3rhs2opACySiGACyxG_AISbx_xtXEtFZ
FNDA:0,$s9DeepSwift6MatrixV16cmpBroadCastable3lhs3rhs2opACySiGACyxG_AISbx_xtXEtFZSix_xtXEfU_
FNDA:0,$s9DeepSwift6MatrixV16cmpBroadCastable3lhs3rhs2opACySiGACyxG_AISbx_xtXEtFZSSyXEfu_
FNDA:0,$s9DeepSwift6MatrixV1loiyACySiGACyxG_AA16FloatConvertible_ptFZ
FNDA:0,$s9DeepSwift6MatrixV1loiyACySiGACyxG_AA16FloatConvertible_ptFZSbx_xtcxmcfu_
FNDA:0,$s9DeepSwift6MatrixV1loiyACySiGACyxG_AA16FloatConvertible_ptFZSbx_xtcxmcfu_Sbx_xtcfu0_
FNDA:0,$s9DeepSwift6MatrixV1goiyACySiGACyxG_AA16FloatConvertible_ptFZ
FNDA:0,$s9DeepSwift6MatrixV1goiyACySiGACyxG_AA16FloatConvertible_ptFZSbx_xtcxmcfu_
FNDA:0,$s9DeepSwift6MatrixV1goiyACySiGACyxG_AA16FloatConvertible_ptFZSbx_xtcxmcfu_Sbx_xtcfu0_
FNDA:0,$s9DeepSwift6MatrixV2eeoiyACySiGACyxG_AA16FloatConvertible_ptFZ
FNDA:0,$s9DeepSwift6MatrixV2eeoiyACySiGACyxG_AA16FloatConvertible_ptFZSbx_xtcxmcfu_
FNDA:0,$s9DeepSwift6MatrixV2eeoiyACySiGACyxG_AA16FloatConvertible_ptFZSbx_xtcxmcfu_Sbx_xtcfu0_
FNDA:0,$s9DeepSwift6MatrixV1loiyACySiGAA16FloatConvertible_p_ACyxGtFZ
FNDA:0,$s9DeepSwift6MatrixV1loiyACySiGAA16FloatConvertible_p_ACyxGtFZSbx_xtcxmcfu_
FNDA:0,$s9DeepSwift6MatrixV1loiyACySiGAA16FloatConvertible_p_ACyxGtFZSbx_xtcxmcfu_Sbx_xtcfu0_
FNDA:0,$s9DeepSwift6MatrixV1goiyACySiGAA16FloatConvertible_p_ACyxGtFZ
FNDA:0,$s9DeepSwift6MatrixV1goiyACySiGAA16FloatConvertible_p_ACyxGtFZSbx_xtcxmcfu_
FNDA:0,$s9DeepSwift6MatrixV1goiyACySiGAA16FloatConvertible_p_ACyxGtFZSbx_xtcxmcfu_Sbx_xtcfu0_
FNDA:0,$s9DeepSwift6MatrixV2eeoiyACySiGAA16FloatConvertible_p_ACyxGtFZ
FNDA:0,$s9DeepSwift6MatrixV2eeoiyACySiGAA16FloatConvertible_p_ACyxGtFZSbx_xtcxmcfu_
FNDA:0,$s9DeepSwift6MatrixV2eeoiyACySiGAA16FloatConvertible_p_ACyxGtFZSbx_xtcxmcfu_Sbx_xtcfu0_
FNF:152
FNH:88
DA:21,0
DA:22,0
DA:23,0
DA:25,185
DA:26,185
DA:27,185
DA:29,62656
DA:30,62656
DA:31,62656
DA:33,42387
DA:34,42387
DA:35,42387
DA:36,42387
DA:38,1218003
DA:39,1218003
DA:40,1218003
DA:41,1218003
DA:43,0
DA:44,0
DA:45,0
DA:47,244
DA:48,46
DA:49,37
DA:50,34
DA:51,17
DA:52,244
DA:54,0
DA:55,0
DA:56,0
DA:57,0
DA:58,0
DA:60,276
DA:61,225
DA:62,276
DA:64,17
DA:65,17
DA:66,17
DA:68,2331865
DA:69,2132487
DA:70,2331865
DA:72,240
DA:73,240
DA:74,220
DA:75,20
DA:76,20
DA:77,8
DA:78,12
DA:79,12
DA:80,11
DA:81,1
DA:82,1
DA:83,0
DA:84,0
DA:85,0
DA:86,0
DA:87,0
DA:88,0
DA:89,1
DA:90,1
DA:91,1
DA:92,0
DA:93,1
DA:94,1
DA:95,1
DA:96,0
DA:97,0
DA:98,0
DA:99,0
DA:101,0
DA:102,0
DA:103,0
DA:105,0
DA:106,0
DA:107,0
DA:126,0
DA:127,0
DA:128,0
DA:129,0
DA:130,0
DA:132,95640
DA:133,95640
DA:134,95640
DA:135,95640
DA:136,95640
DA:138,27
DA:139,69
DA:140,27
DA:141,27
DA:142,27
DA:144,11022
DA:145,110139
DA:146,11022
DA:147,11022
DA:148,11022
DA:150,2530012
DA:151,2530012
DA:152,2530012
DA:153,2530012
DA:154,2530012
DA:156,446426
DA:157,446426
DA:158,446426
DA:159,446426
DA:160,446426
DA:162,10561
DA:163,10561
DA:164,10561
DA:165,10561
DA:166,0
DA:167,10561
DA:168,10561
DA:169,10561
DA:171,0
DA:172,0
DA:173,0
DA:174,0
DA:175,0
DA:176,0
DA:177,0
DA:178,0
DA:180,0
DA:181,0
DA:182,0
DA:183,0
DA:184,0
DA:185,0
DA:186,0
DA:187,0
DA:188,0
DA:189,0
DA:190,0
DA:191,0
DA:192,0
DA:193,0
DA:194,0
DA:196,0
DA:197,0
DA:198,0
DA:200,10561
DA:201,10561
DA:202,10561
DA:204,641845
DA:205,641845
DA:206,577736
DA:207,64109
DA:208,64169
DA:209,64169
DA:210,64169
DA:211,64109
DA:212,641845
DA:214,1008
DA:215,1008
DA:216,0
DA:217,0
DA:218,3
DA:219,3
DA:220,3
DA:221,0
DA:222,0
DA:223,1005
DA:224,1037
DA:225,1037
DA:226,1037
DA:227,1008
DA:229,1291573
DA:230,1291573
DA:231,80219
DA:232,80219
DA:233,31325
DA:234,31325
DA:235,31325
DA:236,0
DA:237,0
DA:238,1180029
DA:239,1180029
DA:240,1291573
DA:242,24807
DA:243,191740
DA:244,24807
DA:246,15000
DA:247,15000
DA:248,15000
DA:250,371063
DA:251,371079
DA:252,371063
DA:254,2002
DA:255,2002
DA:256,2002
DA:258,669425
DA:259,2343791
DA:260,669425
DA:262,0
DA:263,0
DA:264,0
DA:266,4
DA:267,25
DA:268,4
DA:270,0
DA:271,0
DA:272,0
DA:273,0
DA:274,0
DA:275,0
DA:277,25801
DA:278,218502
DA:279,25801
DA:281,484803
DA:282,1872703
DA:283,484803
DA:285,0
DA:286,0
DA:287,0
DA:289,5502
DA:290,11020
DA:291,5502
DA:293,19301
DA:294,205502
DA:295,19301
DA:297,0
DA:298,0
DA:299,0
DA:301,15000
DA:302,30000
DA:303,15000
DA:305,1005
DA:306,2042
DA:307,1005
DA:309,0
DA:310,0
DA:311,0
DA:313,371063
DA:314,371079
DA:315,371079
DA:316,371079
DA:317,371063
DA:319,2002
DA:320,2002
DA:321,2002
DA:322,2002
DA:323,2002
DA:325,0
DA:326,0
DA:327,0
DA:328,0
DA:329,0
DA:330,0
DA:332,0
DA:333,0
DA:334,0
DA:335,0
DA:336,0
DA:338,522590
DA:339,916692
DA:340,916692
DA:341,916692
DA:342,522590
DA:344,0
DA:345,0
DA:346,0
DA:348,21811
DA:349,21920
DA:350,21920
DA:351,21920
DA:352,21811
DA:354,0
DA:355,0
DA:356,0
DA:358,0
DA:359,0
DA:360,0
DA:361,0
DA:362,0
DA:364,24
DA:365,246
DA:366,246
DA:367,246
DA:368,24
DA:370,544425
DA:371,544425
DA:372,544425
DA:373,938858
DA:374,544425
DA:375,544425
DA:377,0
DA:378,0
DA:379,0
DA:380,0
DA:381,0
DA:382,0
DA:383,0
DA:384,0
DA:385,0
DA:386,0
DA:387,0
DA:388,0
DA:389,0
DA:390,0
DA:391,0
DA:392,0
DA:393,0
DA:394,0
DA:395,0
DA:396,0
DA:397,0
DA:399,0
DA:400,0
DA:401,0
DA:402,0
DA:403,0
DA:404,0
DA:405,0
DA:406,0
DA:407,0
DA:408,0
DA:409,0
DA:410,0
DA:411,0
DA:412,0
DA:413,0
DA:414,0
DA:415,0
DA:416,0
DA:417,0
DA:418,0
DA:419,0
DA:420,0
DA:421,0
DA:422,0
DA:423,0
DA:424,0
DA:425,0
DA:426,0
DA:427,0
DA:429,0
DA:430,0
DA:431,0
DA:432,0
DA:433,0
DA:434,0
DA:435,0
DA:436,0
DA:437,0
DA:438,0
DA:439,0
DA:440,0
DA:441,0
DA:442,0
DA:443,0
DA:444,0
DA:445,0
DA:447,4
DA:448,4
DA:449,4
DA:451,194019
DA:452,194019
DA:453,194019
DA:455,30006
DA:456,30006
DA:457,3
DA:458,30003
DA:459,30003
DA:460,30009
DA:461,30003
DA:462,30006
DA:464,15027
DA:465,15027
DA:466,4009
DA:467,11018
DA:468,11018
DA:469,11018
DA:470,15027
DA:472,142876
DA:473,142876
DA:474,30006
DA:475,112870
DA:476,15027
DA:477,97843
DA:478,97843
DA:479,27316
DA:480,70527
DA:481,70527
DA:482,70527
DA:483,0
DA:484,0
DA:486,142876
DA:487,142876
DA:488,142876
DA:490,0
DA:491,0
DA:492,0
DA:494,0
DA:495,0
DA:496,0
DA:498,0
DA:499,0
DA:500,0
DA:501,0
DA:502,0
DA:503,0
DA:504,0
DA:505,0
DA:506,0
DA:507,0
DA:508,0
DA:509,0
DA:510,0
DA:511,0
DA:512,0
DA:513,0
DA:515,437486
DA:516,437486
DA:517,370061
DA:518,67425
DA:519,30000
DA:520,37425
DA:521,3007
DA:522,34418
DA:523,34418
DA:524,0
DA:525,0
DA:526,34418
DA:530,0
DA:531,0
DA:532,0
DA:534,33008
DA:535,33008
DA:536,3008
DA:537,30029
DA:538,60073
DA:539,3008
DA:540,3008
DA:541,30000
DA:542,30000
DA:543,60000
DA:544,120000
DA:545,30000
DA:546,30000
DA:547,0
DA:548,0
DA:550,446294
DA:551,778286
DA:552,446294
DA:556,0
DA:557,0
DA:558,0
DA:559,0
DA:560,0
DA:561,0
DA:562,0
DA:563,0
DA:564,0
DA:565,0
DA:566,0
DA:567,0
DA:569,0
DA:570,0
DA:571,0
DA:573,0
DA:574,0
DA:575,0
DA:577,0
DA:578,0
DA:579,0
DA:581,0
DA:582,0
DA:583,0
DA:585,0
DA:586,0
DA:587,0
DA:589,0
DA:590,0
DA:591,0
BRF:0
BFH:0
LF:566
LH:294
end_of_record
SF:/Users/alexroar/Desktop/DeepL/DeepSwift/Sources/DeepSwift/Structure/Graph.swift
FN:29,$s9DeepSwift1poiyAA7AddNodeCAA5Graph_p_AaE_ptF
FN:33,$s9DeepSwift1moiyAA7MulNodeCAA5Graph_p_AaE_ptF
FN:37,$s9DeepSwift1soiyAA7AddNodeCAA5Graph_p_AaE_ptF
FN:41,$s9DeepSwift1doiyAA7DivNodeCAA5Graph_p_AaE_ptF
FN:45,$s9DeepSwift2mmoiyAA7PowNodeCAA5Graph_p_AaE_ptF
FN:49,$s9DeepSwift1poiyAA7AddNodeCAA5Graph_p_xtAA16FloatConvertibleRzSLRzSjRzlF
FN:53,$s9DeepSwift1moiyAA7MulNodeCAA5Graph_p_xtAA16FloatConvertibleRzSLRzSjRzlF
FN:57,$s9DeepSwift1soiyAA7AddNodeCAA5Graph_p_xtAA16FloatConvertibleRzSLRzSjRzlF
FN:61,$s9DeepSwift1doiyAA7MulNodeCAA5Graph_p_xtAA16FloatConvertibleRzSLRzSjRzlF
FN:65,$s9DeepSwift2mmoiyAA7PowNodeCAA5Graph_p_xtAA16FloatConvertibleRzSLRzSjRzlF
FN:69,$s9DeepSwift1poiyAA7AddNodeCx_AA5Graph_ptAA16FloatConvertibleRzSLRzSjRzlF
FN:73,$s9DeepSwift1moiyAA7MulNodeCx_AA5Graph_ptAA16FloatConvertibleRzSLRzSjRzlF
FN:77,$s9DeepSwift1soiyAA7AddNodeCx_AA5Graph_ptAA16FloatConvertibleRzSLRzSjRzlF
FN:81,$s9DeepSwift1doiyAA7MulNodeCx_AA5Graph_ptAA16FloatConvertibleRzSLRzSjRzlF
FN:85,$s9DeepSwift2mmoiyAA7PowNodeCx_AA5Graph_ptAA16FloatConvertibleRzSLRzSjRzlF
FN:90,$s9DeepSwift5GraphPAAE8backwardyyKF
FN:94,$s9DeepSwift5GraphPAAE8backwardyyKF9buildTopoL_1vyAaB_p_tAaBRzlF
FN:120,$s9DeepSwift5GraphPAAE7_getDotSSvg
FN:128,$s9DeepSwift5GraphPAAE7dotFileSSvg
FN:133,$s9DeepSwift5GraphPAAE16stringFriendlyIDSSvg
FN:135,$s9DeepSwift5GraphPAAE16stringFriendlyIDSSvgS2JXEfU_
FNDA:57,$s9DeepSwift1poiyAA7AddNodeCAA5Graph_p_AaE_ptF
FNDA:122,$s9DeepSwift1moiyAA7MulNodeCAA5Graph_p_AaE_ptF
FNDA:47,$s9DeepSwift1soiyAA7AddNodeCAA5Graph_p_AaE_ptF
FNDA:2,$s9DeepSwift1doiyAA7DivNodeCAA5Graph_p_AaE_ptF
FNDA:0,$s9DeepSwift2mmoiyAA7PowNodeCAA5Graph_p_AaE_ptF
FNDA:1,$s9DeepSwift1poiyAA7AddNodeCAA5Graph_p_xtAA16FloatConvertibleRzSLRzSjRzlF
FNDA:1,$s9DeepSwift1moiyAA7MulNodeCAA5Graph_p_xtAA16FloatConvertibleRzSLRzSjRzlF
FNDA:0,$s9DeepSwift1soiyAA7AddNodeCAA5Graph_p_xtAA16FloatConvertibleRzSLRzSjRzlF
FNDA:0,$s9DeepSwift1doiyAA7MulNodeCAA5Graph_p_xtAA16FloatConvertibleRzSLRzSjRzlF
FNDA:0,$s9DeepSwift2mmoiyAA7PowNodeCAA5Graph_p_xtAA16FloatConvertibleRzSLRzSjRzlF
FNDA:0,$s9DeepSwift1poiyAA7AddNodeCx_AA5Graph_ptAA16FloatConvertibleRzSLRzSjRzlF
FNDA:10,$s9DeepSwift1moiyAA7MulNodeCx_AA5Graph_ptAA16FloatConvertibleRzSLRzSjRzlF
FNDA:0,$s9DeepSwift1soiyAA7AddNodeCx_AA5Graph_ptAA16FloatConvertibleRzSLRzSjRzlF
FNDA:0,$s9DeepSwift1doiyAA7MulNodeCx_AA5Graph_ptAA16FloatConvertibleRzSLRzSjRzlF
FNDA:0,$s9DeepSwift2mmoiyAA7PowNodeCx_AA5Graph_ptAA16FloatConvertibleRzSLRzSjRzlF
FNDA:21811,$s9DeepSwift5GraphPAAE8backwardyyKF
FNDA:579903,$s9DeepSwift5GraphPAAE8backwardyyKF9buildTopoL_1vyAaB_p_tAaBRzlF
FNDA:0,$s9DeepSwift5GraphPAAE7_getDotSSvg
FNDA:0,$s9DeepSwift5GraphPAAE7dotFileSSvg
FNDA:0,$s9DeepSwift5GraphPAAE16stringFriendlyIDSSvg
FNDA:0,$s9DeepSwift5GraphPAAE16stringFriendlyIDSSvgS2JXEfU_
FNF:21
FNH:9
DA:29,57
DA:30,57
DA:31,57
DA:33,122
DA:34,122
DA:35,122
DA:37,47
DA:38,47
DA:39,47
DA:41,2
DA:42,2
DA:43,2
DA:45,0
DA:46,0
DA:47,0
DA:49,1
DA:50,1
DA:51,1
DA:53,1
DA:54,1
DA:55,1
DA:57,0
DA:58,0
DA:59,0
DA:61,0
DA:62,0
DA:63,0
DA:65,0
DA:66,0
DA:67,0
DA:69,0
DA:70,0
DA:71,0
DA:73,10
DA:74,10
DA:75,10
DA:77,0
DA:78,0
DA:79,0
DA:81,0
DA:82,0
DA:83,0
DA:85,0
DA:86,0
DA:87,0
DA:90,21811
DA:91,21811
DA:92,21811
DA:93,21811
DA:94,579903
DA:95,579903
DA:96,504583
DA:97,558092
DA:98,558092
DA:99,504583
DA:100,504583
DA:101,579903
DA:102,579903
DA:103,21811
DA:104,21811
DA:105,21811
DA:106,504583
DA:107,504583
DA:108,21811
DA:109,21811
DA:110,21811
DA:111,504583
DA:112,504583
DA:113,21811
DA:114,21811
DA:120,0
DA:121,0
DA:122,0
DA:123,0
DA:124,0
DA:125,0
DA:126,0
DA:128,0
DA:129,0
DA:130,0
DA:131,0
DA:133,0
DA:134,0
DA:135,0
DA:136,0
DA:137,0
DA:138,0
DA:139,0
DA:140,0
DA:141,0
DA:142,0
DA:143,0
DA:144,0
BRF:0
BFH:0
LF:111
LH:55
end_of_record
SF:/Users/alexroar/Desktop/DeepL/DeepSwift/Sources/DeepSwift/Supplementary/Supplementary.swift
FN:11,$s9DeepSwift5GraphPAAE4reluAA12FunctionNodeCyF
FN:12,$s9DeepSwift5GraphPAAE4reluAA12FunctionNodeCyFAA6MatrixVySdGAIcfU_
FN:13,$s9DeepSwift5GraphPAAE4reluAA12FunctionNodeCyFAA6MatrixVySdGAIcfU_S2dXEfU_
FN:20,$s9DeepSwift5GraphPAAE4reluAA12FunctionNodeCyFAA6MatrixVySdGAI_AItcfU0_
FN:21,$s9DeepSwift5GraphPAAE4reluAA12FunctionNodeCyFAA6MatrixVySdGAI_AItcfU0_S2dXEfU_
FN:31,$s9DeepSwift5GraphPAAE3expAA12FunctionNodeCyF
FN:32,$s9DeepSwift5GraphPAAE3expAA12FunctionNodeCyFAA6MatrixVySdGAIcfU_
FN:33,$s9DeepSwift5GraphPAAE3expAA12FunctionNodeCyFAA6MatrixVySdGAIcfU_S2dXEfU_
FN:36,$s9DeepSwift5GraphPAAE3expAA12FunctionNodeCyFAA6MatrixVySdGAI_AItcfU0_
FN:37,$s9DeepSwift5GraphPAAE3expAA12FunctionNodeCyFAA6MatrixVySdGAI_AItcfU0_S2dXEfU_
FN:43,$s9DeepSwift5GraphPAAE4tanhAA12FunctionNodeCyF
FN:44,$s9DeepSwift5GraphPAAE4tanhAA12FunctionNodeCyFAA6MatrixVySdGAIcfU_
FN:45,$s9DeepSwift5GraphPAAE4tanhAA12FunctionNodeCyFAA6MatrixVySdGAIcfU_S2dXEfU_
FN:48,$s9DeepSwift5GraphPAAE4tanhAA12FunctionNodeCyFAA6MatrixVySdGAI_AItcfU0_
FN:49,$s9DeepSwift5GraphPAAE4tanhAA12FunctionNodeCyFAA6MatrixVySdGAI_AItcfU0_S2dXEfU_
FN:56,$s9DeepSwift5GraphPAAE7sigmoidAA12FunctionNodeCyF
FN:57,$s9DeepSwift5GraphPAAE7sigmoidAA12FunctionNodeCyFAA6MatrixVySdGAIcfU_
FN:58,$s9DeepSwift5GraphPAAE7sigmoidAA12FunctionNodeCyFAA6MatrixVySdGAIcfU_S2dXEfU_
FN:63,$s9DeepSwift5GraphPAAE7sigmoidAA12FunctionNodeCyFAA6MatrixVySdGAI_AItcfU0_
FN:69,$s9DeepSwift5GraphPAAE6lerelu1kAA12FunctionNodeCSd_tF
FN:70,$s9DeepSwift5GraphPAAE6lerelu1kAA12FunctionNodeCSd_tFAA6MatrixVySdGAJcfU_
FN:71,$s9DeepSwift5GraphPAAE6lerelu1kAA12FunctionNodeCSd_tFAA6MatrixVySdGAJcfU_S2dXEfU_
FN:78,$s9DeepSwift5GraphPAAE6lerelu1kAA12FunctionNodeCSd_tFAA6MatrixVySdGAJ_AJtcfU0_
FN:79,$s9DeepSwift5GraphPAAE6lerelu1kAA12FunctionNodeCSd_tFAA6MatrixVySdGAJ_AJtcfU0_S2dXEfU_
FN:89,$s9DeepSwift5GraphPAAE3elu1kAA12FunctionNodeCSd_tF
FN:90,$s9DeepSwift5GraphPAAE3elu1kAA12FunctionNodeCSd_tFAA6MatrixVySdGAJcfU_
FN:91,$s9DeepSwift5GraphPAAE3elu1kAA12FunctionNodeCSd_tFAA6MatrixVySdGAJcfU_S2dXEfU_
FN:98,$s9DeepSwift5GraphPAAE3elu1kAA12FunctionNodeCSd_tFAA6MatrixVySdGAJ_AJtcfU0_
FN:99,$s9DeepSwift5GraphPAAE3elu1kAA12FunctionNodeCSd_tFAA6MatrixVySdGAJ_AJtcfU0_S2dXEfU_
FN:109,$s9DeepSwift5GraphPAAE7softmaxAA12FunctionNodeCyF
FN:110,$s9DeepSwift5GraphPAAE7softmaxAA12FunctionNodeCyFAA6MatrixVySdGAIcfU_
FN:112,$s9DeepSwift5GraphPAAE7softmaxAA12FunctionNodeCyFAA6MatrixVySdGAIcfU_S2dXEfU_
FN:114,$s9DeepSwift5GraphPAAE7softmaxAA12FunctionNodeCyFAA6MatrixVySdGAI_AItcfU0_
FN:119,$s9DeepSwift5GraphPAAE3logAA12FunctionNodeCyF
FN:120,$s9DeepSwift5GraphPAAE3logAA12FunctionNodeCyFAA6MatrixVySdGAIcfU_
FN:121,$s9DeepSwift5GraphPAAE3logAA12FunctionNodeCyFAA6MatrixVySdGAIcfU_S2dXEfU_
FN:124,$s9DeepSwift5GraphPAAE3logAA12FunctionNodeCyFAA6MatrixVySdGAI_AItcfU0_
FN:125,$s9DeepSwift5GraphPAAE3logAA12FunctionNodeCyFAA6MatrixVySdGAI_AItcfU0_S2dXEfU_
FN:131,$s9DeepSwift5GraphPAAE9reduceSum4axisAA12FunctionNodeCSi_tF
FN:132,$s9DeepSwift5GraphPAAE9reduceSum4axisAA12FunctionNodeCSi_tFAA6MatrixVySdGAJcfU_
FN:134,$s9DeepSwift5GraphPAAE9reduceSum4axisAA12FunctionNodeCSi_tFAA6MatrixVySdGAJ_AJtcfU0_
FN:139,$s9DeepSwift5GraphPAAE7sumMeanAA12FunctionNodeCyF
FN:140,$s9DeepSwift5GraphPAAE7sumMeanAA12FunctionNodeCyFAA6MatrixVySdGAIcfU_
FN:142,$s9DeepSwift5GraphPAAE7sumMeanAA12FunctionNodeCyFAA6MatrixVySdGAI_AItcfU0_
FN:147,$s9DeepSwift5GraphPAAE3sumAA12FunctionNodeCyF
FN:148,$s9DeepSwift5GraphPAAE3sumAA12FunctionNodeCyFAA6MatrixVySdGAIcfU_
FN:150,$s9DeepSwift5GraphPAAE3sumAA12FunctionNodeCyFAA6MatrixVySdGAI_AItcfU0_
FN:155,$s9DeepSwift5GraphPAAE3absAA12FunctionNodeCyF
FN:156,$s9DeepSwift5GraphPAAE3absAA12FunctionNodeCyFAA6MatrixVySdGAIcfU_
FN:157,$s9DeepSwift5GraphPAAE3absAA12FunctionNodeCyFAA6MatrixVySdGAIcfU_S2dXEfU_
FN:164,$s9DeepSwift5GraphPAAE3absAA12FunctionNodeCyFAA6MatrixVySdGAI_AItcfU0_
FN:165,$s9DeepSwift5GraphPAAE3absAA12FunctionNodeCyFAA6MatrixVySdGAI_AItcfU0_S2dXEfU_
FN:175,$s9DeepSwift5GraphPAAE3powyAA12FunctionNodeCSdF
FN:176,$s9DeepSwift5GraphPAAE3powyAA12FunctionNodeCSdFAA6MatrixVySdGAIcfU_
FN:177,$s9DeepSwift5GraphPAAE3powyAA12FunctionNodeCSdFAA6MatrixVySdGAIcfU_S2dXEfU_
FN:180,$s9DeepSwift5GraphPAAE3powyAA12FunctionNodeCSdFAA6MatrixVySdGAI_AItcfU0_
FN:181,$s9DeepSwift5GraphPAAE3powyAA12FunctionNodeCSdFAA6MatrixVySdGAI_AItcfU0_S2dXEfU_
FN:188,$s9DeepSwift5GraphPAAE1TAA12FunctionNodeCvg
FN:189,$s9DeepSwift5GraphPAAE1TAA12FunctionNodeCvgAA6MatrixVySdGAIcfU_
FN:191,$s9DeepSwift5GraphPAAE1TAA12FunctionNodeCvgAA6MatrixVySdGAI_AItcfU0_
FNDA:4,$s9DeepSwift5GraphPAAE4reluAA12FunctionNodeCyF
FNDA:15504,$s9DeepSwift5GraphPAAE4reluAA12FunctionNodeCyFAA6MatrixVySdGAIcfU_
FNDA:15504,$s9DeepSwift5GraphPAAE4reluAA12FunctionNodeCyFAA6MatrixVySdGAIcfU_S2dXEfU_
FNDA:15500,$s9DeepSwift5GraphPAAE4reluAA12FunctionNodeCyFAA6MatrixVySdGAI_AItcfU0_
FNDA:15500,$s9DeepSwift5GraphPAAE4reluAA12FunctionNodeCyFAA6MatrixVySdGAI_AItcfU0_S2dXEfU_
FNDA:0,$s9DeepSwift5GraphPAAE3expAA12FunctionNodeCyF
FNDA:0,$s9DeepSwift5GraphPAAE3expAA12FunctionNodeCyFAA6MatrixVySdGAIcfU_
FNDA:0,$s9DeepSwift5GraphPAAE3expAA12FunctionNodeCyFAA6MatrixVySdGAIcfU_S2dXEfU_
FNDA:0,$s9DeepSwift5GraphPAAE3expAA12FunctionNodeCyFAA6MatrixVySdGAI_AItcfU0_
FNDA:0,$s9DeepSwift5GraphPAAE3expAA12FunctionNodeCyFAA6MatrixVySdGAI_AItcfU0_S2dXEfU_
FNDA:0,$s9DeepSwift5GraphPAAE4tanhAA12FunctionNodeCyF
FNDA:0,$s9DeepSwift5GraphPAAE4tanhAA12FunctionNodeCyFAA6MatrixVySdGAIcfU_
FNDA:0,$s9DeepSwift5GraphPAAE4tanhAA12FunctionNodeCyFAA6MatrixVySdGAIcfU_S2dXEfU_
FNDA:0,$s9DeepSwift5GraphPAAE4tanhAA12FunctionNodeCyFAA6MatrixVySdGAI_AItcfU0_
FNDA:0,$s9DeepSwift5GraphPAAE4tanhAA12FunctionNodeCyFAA6MatrixVySdGAI_AItcfU0_S2dXEfU_
FNDA:16,$s9DeepSwift5GraphPAAE7sigmoidAA12FunctionNodeCyF
FNDA:45001,$s9DeepSwift5GraphPAAE7sigmoidAA12FunctionNodeCyFAA6MatrixVySdGAIcfU_
FNDA:45015,$s9DeepSwift5GraphPAAE7sigmoidAA12FunctionNodeCyFAA6MatrixVySdGAIcfU_S2dXEfU_
FNDA:15000,$s9DeepSwift5GraphPAAE7sigmoidAA12FunctionNodeCyFAA6MatrixVySdGAI_AItcfU0_
FNDA:0,$s9DeepSwift5GraphPAAE6lerelu1kAA12FunctionNodeCSd_tF
FNDA:0,$s9DeepSwift5GraphPAAE6lerelu1kAA12FunctionNodeCSd_tFAA6MatrixVySdGAJcfU_
FNDA:0,$s9DeepSwift5GraphPAAE6lerelu1kAA12FunctionNodeCSd_tFAA6MatrixVySdGAJcfU_S2dXEfU_
FNDA:0,$s9DeepSwift5GraphPAAE6lerelu1kAA12FunctionNodeCSd_tFAA6MatrixVySdGAJ_AJtcfU0_
FNDA:0,$s9DeepSwift5GraphPAAE6lerelu1kAA12FunctionNodeCSd_tFAA6MatrixVySdGAJ_AJtcfU0_S2dXEfU_
FNDA:0,$s9DeepSwift5GraphPAAE3elu1kAA12FunctionNodeCSd_tF
FNDA:0,$s9DeepSwift5GraphPAAE3elu1kAA12FunctionNodeCSd_tFAA6MatrixVySdGAJcfU_
FNDA:0,$s9DeepSwift5GraphPAAE3elu1kAA12FunctionNodeCSd_tFAA6MatrixVySdGAJcfU_S2dXEfU_
FNDA:0,$s9DeepSwift5GraphPAAE3elu1kAA12FunctionNodeCSd_tFAA6MatrixVySdGAJ_AJtcfU0_
FNDA:0,$s9DeepSwift5GraphPAAE3elu1kAA12FunctionNodeCSd_tFAA6MatrixVySdGAJ_AJtcfU0_S2dXEfU_
FNDA:0,$s9DeepSwift5GraphPAAE7softmaxAA12FunctionNodeCyF
FNDA:0,$s9DeepSwift5GraphPAAE7softmaxAA12FunctionNodeCyFAA6MatrixVySdGAIcfU_
FNDA:0,$s9DeepSwift5GraphPAAE7softmaxAA12FunctionNodeCyFAA6MatrixVySdGAIcfU_S2dXEfU_
FNDA:0,$s9DeepSwift5GraphPAAE7softmaxAA12FunctionNodeCyFAA6MatrixVySdGAI_AItcfU0_
FNDA:31,$s9DeepSwift5GraphPAAE3logAA12FunctionNodeCyF
FNDA:35001,$s9DeepSwift5GraphPAAE3logAA12FunctionNodeCyFAA6MatrixVySdGAIcfU_
FNDA:80010,$s9DeepSwift5GraphPAAE3logAA12FunctionNodeCyFAA6MatrixVySdGAIcfU_S2dXEfU_
FNDA:35000,$s9DeepSwift5GraphPAAE3logAA12FunctionNodeCyFAA6MatrixVySdGAI_AItcfU0_
FNDA:80000,$s9DeepSwift5GraphPAAE3logAA12FunctionNodeCyFAA6MatrixVySdGAI_AItcfU0_S2dXEfU_
FNDA:1,$s9DeepSwift5GraphPAAE9reduceSum4axisAA12FunctionNodeCSi_tF
FNDA:1,$s9DeepSwift5GraphPAAE9reduceSum4axisAA12FunctionNodeCSi_tFAA6MatrixVySdGAJcfU_
FNDA:0,$s9DeepSwift5GraphPAAE9reduceSum4axisAA12FunctionNodeCSi_tFAA6MatrixVySdGAJ_AJtcfU0_
FNDA:1,$s9DeepSwift5GraphPAAE7sumMeanAA12FunctionNodeCyF
FNDA:1001,$s9DeepSwift5GraphPAAE7sumMeanAA12FunctionNodeCyFAA6MatrixVySdGAIcfU_
FNDA:1000,$s9DeepSwift5GraphPAAE7sumMeanAA12FunctionNodeCyFAA6MatrixVySdGAI_AItcfU0_
FNDA:25,$s9DeepSwift5GraphPAAE3sumAA12FunctionNodeCyF
FNDA:45110,$s9DeepSwift5GraphPAAE3sumAA12FunctionNodeCyFAA6MatrixVySdGAIcfU_
FNDA:30103,$s9DeepSwift5GraphPAAE3sumAA12FunctionNodeCyFAA6MatrixVySdGAI_AItcfU0_
FNDA:3,$s9DeepSwift5GraphPAAE3absAA12FunctionNodeCyF
FNDA:10003,$s9DeepSwift5GraphPAAE3absAA12FunctionNodeCyFAA6MatrixVySdGAIcfU_
FNDA:100021,$s9DeepSwift5GraphPAAE3absAA12FunctionNodeCyFAA6MatrixVySdGAIcfU_S2dXEfU_
FNDA:10001,$s9DeepSwift5GraphPAAE3absAA12FunctionNodeCyFAA6MatrixVySdGAI_AItcfU0_
FNDA:100001,$s9DeepSwift5GraphPAAE3absAA12FunctionNodeCyFAA6MatrixVySdGAI_AItcfU0_S2dXEfU_
FNDA:7,$s9DeepSwift5GraphPAAE3powyAA12FunctionNodeCSdF
FNDA:14007,$s9DeepSwift5GraphPAAE3powyAA12FunctionNodeCSdFAA6MatrixVySdGAIcfU_
FNDA:140061,$s9DeepSwift5GraphPAAE3powyAA12FunctionNodeCSdFAA6MatrixVySdGAIcfU_S2dXEfU_
FNDA:14002,$s9DeepSwift5GraphPAAE3powyAA12FunctionNodeCSdFAA6MatrixVySdGAI_AItcfU0_
FNDA:140011,$s9DeepSwift5GraphPAAE3powyAA12FunctionNodeCSdFAA6MatrixVySdGAI_AItcfU0_S2dXEfU_
FNDA:0,$s9DeepSwift5GraphPAAE1TAA12FunctionNodeCvg
FNDA:0,$s9DeepSwift5GraphPAAE1TAA12FunctionNodeCvgAA6MatrixVySdGAIcfU_
FNDA:0,$s9DeepSwift5GraphPAAE1TAA12FunctionNodeCvgAA6MatrixVySdGAI_AItcfU0_
FNF:60
FNH:32
DA:11,4
DA:12,15504
DA:13,15504
DA:14,15504
DA:15,58
DA:16,15446
DA:17,15446
DA:18,0
DA:19,0
DA:20,15500
DA:21,15500
DA:22,15500
DA:23,58
DA:24,15442
DA:25,15442
DA:26,0
DA:27,0
DA:28,15500
DA:29,4
DA:31,0
DA:32,0
DA:33,0
DA:34,0
DA:35,0
DA:36,0
DA:37,0
DA:38,0
DA:39,0
DA:40,0
DA:41,0
DA:43,0
DA:44,0
DA:45,0
DA:46,0
DA:47,0
DA:48,0
DA:49,0
DA:50,0
DA:51,0
DA:52,0
DA:53,0
DA:54,0
DA:56,16
DA:57,45001
DA:58,45015
DA:59,45015
DA:60,45015
DA:61,45001
DA:62,16
DA:63,15000
DA:64,15000
DA:65,15000
DA:66,15000
DA:67,16
DA:69,0
DA:70,0
DA:71,0
DA:72,0
DA:73,0
DA:74,0
DA:75,0
DA:76,0
DA:77,0
DA:78,0
DA:79,0
DA:80,0
DA:81,0
DA:82,0
DA:83,0
DA:84,0
DA:85,0
DA:86,0
DA:87,0
DA:89,0
DA:90,0
DA:91,0
DA:92,0
DA:93,0
DA:94,0
DA:95,0
DA:96,0
DA:97,0
DA:98,0
DA:99,0
DA:100,0
DA:101,0
DA:102,0
DA:103,0
DA:104,0
DA:105,0
DA:106,0
DA:107,0
DA:109,0
DA:110,0
DA:111,0
DA:112,0
DA:113,0
DA:114,0
DA:115,0
DA:116,0
DA:117,0
DA:119,31
DA:120,35001
DA:121,80010
DA:122,80010
DA:123,80010
DA:124,35000
DA:125,80000
DA:126,80000
DA:127,80000
DA:128,35000
DA:129,31
DA:131,1
DA:132,1
DA:133,1
DA:134,0
DA:135,0
DA:136,0
DA:137,1
DA:139,1
DA:140,1001
DA:141,1001
DA:142,1000
DA:143,1000
DA:144,1000
DA:145,1
DA:147,25
DA:148,45110
DA:149,45110
DA:150,30103
DA:151,30103
DA:152,30103
DA:153,25
DA:155,3
DA:156,10003
DA:157,100021
DA:158,100021
DA:159,53998
DA:160,46023
DA:161,46023
DA:162,0
DA:163,0
DA:164,10001
DA:165,100001
DA:166,100001
DA:167,53983
DA:168,46018
DA:169,46018
DA:170,0
DA:171,0
DA:172,10001
DA:173,3
DA:175,7
DA:176,14007
DA:177,140061
DA:178,140061
DA:179,140061
DA:180,14002
DA:181,140011
DA:182,140011
DA:183,140011
DA:184,140011
DA:185,14002
DA:186,7
DA:188,0
DA:189,0
DA:190,0
DA:191,0
DA:192,0
DA:193,0
DA:194,0
BRF:0
BFH:0
LF:412
LH:211
end_of_record
SF:/Users/alexroar/Desktop/DeepL/DeepSwift/Tests/DeepSwiftTests/DeepSwiftTests.swift
FN:5,$s14DeepSwiftTestsAAC18testMatrixBackpropyyF
FN:6,$s14DeepSwiftTestsAAC18testMatrixBackpropyyFSdyXEfU_
FN:17,$s14DeepSwiftTestsAAC18testMatrixBackpropyyFSaySdGyKXEfu_
FN:17,$s14DeepSwiftTestsAAC18testMatrixBackpropyyFSaySdGyKXEfu0_
FN:17,$s14DeepSwiftTestsAAC18testMatrixBackpropyyFSaySdGyKXEfu0_S2dXEfU0_
FN:18,$s14DeepSwiftTestsAAC18testMatrixBackpropyyFSaySdGSgyKXEfu1_
FN:18,$s14DeepSwiftTestsAAC18testMatrixBackpropyyFSaySdGSgyKXEfu2_
FN:21,$s14DeepSwiftTestsAAC13testArithamcyyyF
FN:22,$s14DeepSwiftTestsAAC13testArithamcyyyFSdyXEfU_
FN:27,$s14DeepSwiftTestsAAC13testArithamcyyyFSdyKXEfu_
FN:27,$s14DeepSwiftTestsAAC13testArithamcyyyFSdyKXEfu0_
FN:29,$s14DeepSwiftTestsAAC13testArithamcyyyFSdyKXEfu1_
FN:29,$s14DeepSwiftTestsAAC13testArithamcyyyFSdyKXEfu2_
FN:32,$s14DeepSwiftTestsAAC7testPowyyF
FN:33,$s14DeepSwiftTestsAAC7testPowyyFSdyXEfU_
FN:46,$s14DeepSwiftTestsAAC7testPowyyFSdyKXEfu_
FN:46,$s14DeepSwiftTestsAAC7testPowyyFSdyKXEfu0_
FN:51,$s14DeepSwiftTestsAAC7testPowyyFSdyKXEfu1_
FN:51,$s14DeepSwiftTestsAAC7testPowyyFSdyKXEfu2_
FN:55,$s14DeepSwiftTestsAAC13testSimpleSumyyF
FN:57,$s14DeepSwiftTestsAAC13testSimpleSumyyFSdyXEfU_
FN:59,$s14DeepSwiftTestsAAC13testSimpleSumyyFSdyXEfU0_
FN:66,$s14DeepSwiftTestsAAC13testSimpleSumyyFSdyKXEfu_
FN:66,$s14DeepSwiftTestsAAC13testSimpleSumyyFSdyKXEfu0_
FN:69,$s14DeepSwiftTestsAAC7testSumyyF
FN:71,$s14DeepSwiftTestsAAC7testSumyyFSdyXEfU_
FN:73,$s14DeepSwiftTestsAAC7testSumyyFSdyXEfU0_
FN:80,$s14DeepSwiftTestsAAC7testSumyyFSbyKXEfu_
FN:83,$s14DeepSwiftTestsAAC7testSumyyFSdyXEfU1_
FN:85,$s14DeepSwiftTestsAAC7testSumyyFSdyXEfU2_
FN:92,$s14DeepSwiftTestsAAC7testSumyyFSdyKXEfu0_
FN:92,$s14DeepSwiftTestsAAC7testSumyyFSdyKXEfu1_
FN:95,$s14DeepSwiftTestsAAC7testAbsyyF
FN:97,$s14DeepSwiftTestsAAC7testAbsyyFSdyXEfU_
FN:103,$s14DeepSwiftTestsAAC7testAbsyyFSdyKXEfu_
FN:103,$s14DeepSwiftTestsAAC7testAbsyyFSdyKXEfu0_
FN:106,$s14DeepSwiftTestsAAC18testSimpleGradientyyF
FN:115,$s14DeepSwiftTestsAAC18testSimpleGradientyyFSbyKXEfu_
FN:118,$s14DeepSwiftTestsAAC17testSimplePartialyyF
FN:128,$s14DeepSwiftTestsAAC17testSimplePartialyyFSbyKXEfu_
FN:129,$s14DeepSwiftTestsAAC17testSimplePartialyyFSbyKXEfu0_
FN:132,$s14DeepSwiftTestsAAC18testSimpleDivisionyyF
FN:141,$s14DeepSwiftTestsAAC18testSimpleDivisionyyFSdyKXEfu_
FN:141,$s14DeepSwiftTestsAAC18testSimpleDivisionyyFSdyKXEfu0_
FN:142,$s14DeepSwiftTestsAAC18testSimpleDivisionyyFSdyKXEfu1_
FN:142,$s14DeepSwiftTestsAAC18testSimpleDivisionyyFSdyKXEfu2_
FNDA:1,$s14DeepSwiftTestsAAC18testMatrixBackpropyyF
FNDA:91,$s14DeepSwiftTestsAAC18testMatrixBackpropyyFSdyXEfU_
FNDA:1,$s14DeepSwiftTestsAAC18testMatrixBackpropyyFSaySdGyKXEfu_
FNDA:1,$s14DeepSwiftTestsAAC18testMatrixBackpropyyFSaySdGyKXEfu0_
FNDA:91,$s14DeepSwiftTestsAAC18testMatrixBackpropyyFSaySdGyKXEfu0_S2dXEfU0_
FNDA:1,$s14DeepSwiftTestsAAC18testMatrixBackpropyyFSaySdGSgyKXEfu1_
FNDA:1,$s14DeepSwiftTestsAAC18testMatrixBackpropyyFSaySdGSgyKXEfu2_
FNDA:1,$s14DeepSwiftTestsAAC13testArithamcyyyF
FNDA:1,$s14DeepSwiftTestsAAC13testArithamcyyyFSdyXEfU_
FNDA:1,$s14DeepSwiftTestsAAC13testArithamcyyyFSdyKXEfu_
FNDA:1,$s14DeepSwiftTestsAAC13testArithamcyyyFSdyKXEfu0_
FNDA:1,$s14DeepSwiftTestsAAC13testArithamcyyyFSdyKXEfu1_
FNDA:1,$s14DeepSwiftTestsAAC13testArithamcyyyFSdyKXEfu2_
FNDA:1,$s14DeepSwiftTestsAAC7testPowyyF
FNDA:10,$s14DeepSwiftTestsAAC7testPowyyFSdyXEfU_
FNDA:1,$s14DeepSwiftTestsAAC7testPowyyFSdyKXEfu_
FNDA:1,$s14DeepSwiftTestsAAC7testPowyyFSdyKXEfu0_
FNDA:1,$s14DeepSwiftTestsAAC7testPowyyFSdyKXEfu1_
FNDA:1,$s14DeepSwiftTestsAAC7testPowyyFSdyKXEfu2_
FNDA:1,$s14DeepSwiftTestsAAC13testSimpleSumyyF
FNDA:10,$s14DeepSwiftTestsAAC13testSimpleSumyyFSdyXEfU_
FNDA:10,$s14DeepSwiftTestsAAC13testSimpleSumyyFSdyXEfU0_
FNDA:1,$s14DeepSwiftTestsAAC13testSimpleSumyyFSdyKXEfu_
FNDA:1,$s14DeepSwiftTestsAAC13testSimpleSumyyFSdyKXEfu0_
FNDA:1,$s14DeepSwiftTestsAAC7testSumyyF
FNDA:1,$s14DeepSwiftTestsAAC7testSumyyFSdyXEfU_
FNDA:1,$s14DeepSwiftTestsAAC7testSumyyFSdyXEfU0_
FNDA:1,$s14DeepSwiftTestsAAC7testSumyyFSbyKXEfu_
FNDA:2,$s14DeepSwiftTestsAAC7testSumyyFSdyXEfU1_
FNDA:2,$s14DeepSwiftTestsAAC7testSumyyFSdyXEfU2_
FNDA:1,$s14DeepSwiftTestsAAC7testSumyyFSdyKXEfu0_
FNDA:1,$s14DeepSwiftTestsAAC7testSumyyFSdyKXEfu1_
FNDA:1,$s14DeepSwiftTestsAAC7testAbsyyF
FNDA:1,$s14DeepSwiftTestsAAC7testAbsyyFSdyXEfU_
FNDA:1,$s14DeepSwiftTestsAAC7testAbsyyFSdyKXEfu_
FNDA:1,$s14DeepSwiftTestsAAC7testAbsyyFSdyKXEfu0_
FNDA:1,$s14DeepSwiftTestsAAC18testSimpleGradientyyF
FNDA:1,$s14DeepSwiftTestsAAC18testSimpleGradientyyFSbyKXEfu_
FNDA:1,$s14DeepSwiftTestsAAC17testSimplePartialyyF
FNDA:1,$s14DeepSwiftTestsAAC17testSimplePartialyyFSbyKXEfu_
FNDA:1,$s14DeepSwiftTestsAAC17testSimplePartialyyFSbyKXEfu0_
FNDA:1,$s14DeepSwiftTestsAAC18testSimpleDivisionyyF
FNDA:1,$s14DeepSwiftTestsAAC18testSimpleDivisionyyFSdyKXEfu_
FNDA:1,$s14DeepSwiftTestsAAC18testSimpleDivisionyyFSdyKXEfu0_
FNDA:1,$s14DeepSwiftTestsAAC18testSimpleDivisionyyFSdyKXEfu1_
FNDA:1,$s14DeepSwiftTestsAAC18testSimpleDivisionyyFSdyKXEfu2_
FNF:46
FNH:46
DA:5,1
DA:6,91
DA:7,1
DA:8,1
DA:9,1
DA:10,1
DA:11,1
DA:12,1
DA:13,1
DA:14,1
DA:15,1
DA:16,1
DA:17,91
DA:18,1
DA:19,1
DA:21,1
DA:22,1
DA:23,1
DA:24,1
DA:25,1
DA:26,1
DA:27,1
DA:28,1
DA:29,1
DA:30,1
DA:32,1
DA:33,10
DA:34,1
DA:35,1
DA:36,1
DA:37,1
DA:38,1
DA:39,1
DA:40,1
DA:41,1
DA:42,1
DA:43,1
DA:44,1
DA:45,1
DA:46,1
DA:47,1
DA:48,1
DA:49,1
DA:50,1
DA:51,1
DA:52,1
DA:53,1
DA:55,1
DA:56,1
DA:57,10
DA:58,1
DA:59,10
DA:60,1
DA:61,1
DA:62,1
DA:63,1
DA:64,1
DA:65,1
DA:66,1
DA:67,1
DA:69,1
DA:70,1
DA:71,1
DA:72,1
DA:73,1
DA:74,1
DA:75,1
DA:76,1
DA:77,1
DA:78,1
DA:79,1
DA:80,1
DA:81,1
DA:82,1
DA:83,2
DA:84,1
DA:85,2
DA:86,1
DA:87,1
DA:88,1
DA:89,1
DA:90,1
DA:91,1
DA:92,1
DA:93,1
DA:95,1
DA:96,1
DA:97,1
DA:98,1
DA:99,1
DA:100,1
DA:101,1
DA:102,1
DA:103,1
DA:104,1
DA:106,1
DA:107,1
DA:108,1
DA:109,1
DA:110,1
DA:111,1
DA:112,1
DA:113,1
DA:114,1
DA:115,1
DA:116,1
DA:118,1
DA:119,1
DA:120,1
DA:121,1
DA:122,1
DA:123,1
DA:124,1
DA:125,1
DA:126,1
DA:127,1
DA:128,1
DA:129,1
DA:130,1
DA:132,1
DA:133,1
DA:134,1
DA:135,1
DA:136,1
DA:137,1
DA:138,1
DA:139,1
DA:140,1
DA:141,1
DA:142,1
DA:143,1
BRF:0
BFH:0
LF:168
LH:168
end_of_record
SF:/Users/alexroar/Desktop/DeepL/DeepSwift/Tests/DeepSwiftTests/MatrixTests.swift
FN:13,$s14DeepSwiftTests06MatrixC0C12testAdditionyyF
FN:26,$s14DeepSwiftTests06MatrixC0C12testAdditionyyFSaySiGyKXEfu_
FN:26,$s14DeepSwiftTests06MatrixC0C12testAdditionyyFSaySiGyKXEfu0_
FN:26,$s14DeepSwiftTests06MatrixC0C12testAdditionyyFSaySiGyKXEfu0_S2i_SitcSimcfu1_
FN:26,$s14DeepSwiftTests06MatrixC0C12testAdditionyyFSaySiGyKXEfu0_S2i_SitcSimcfu1_S2i_Sitcfu2_
FN:47,$s14DeepSwiftTests06MatrixC0C12testAdditionyyFSaySiGyKXEfu3_
FN:47,$s14DeepSwiftTests06MatrixC0C12testAdditionyyFSaySiGyKXEfu4_
FN:65,$s14DeepSwiftTests06MatrixC0C12testAdditionyyFSaySiGyKXEfu5_
FN:65,$s14DeepSwiftTests06MatrixC0C12testAdditionyyFSaySiGyKXEfu6_
FN:66,$s14DeepSwiftTests06MatrixC0C12testAdditionyyFSaySiGyKXEfu7_
FN:66,$s14DeepSwiftTests06MatrixC0C12testAdditionyyFSaySiGyKXEfu8_
FN:72,$s14DeepSwiftTests06MatrixC0C12testAdditionyyFSaySiGyKXEfu9_
FN:72,$s14DeepSwiftTests06MatrixC0C12testAdditionyyFSaySiGyKXEfu10_
FN:73,$s14DeepSwiftTests06MatrixC0C12testAdditionyyFSaySiGyKXEfu11_
FN:73,$s14DeepSwiftTests06MatrixC0C12testAdditionyyFSaySiGyKXEfu12_
FN:76,$s14DeepSwiftTests06MatrixC0C7testMulyyF
FN:89,$s14DeepSwiftTests06MatrixC0C7testMulyyFSaySiGyKXEfu_
FN:89,$s14DeepSwiftTests06MatrixC0C7testMulyyFSaySiGyKXEfu0_
FN:89,$s14DeepSwiftTests06MatrixC0C7testMulyyFSaySiGyKXEfu0_S2i_SitcSimcfu1_
FN:89,$s14DeepSwiftTests06MatrixC0C7testMulyyFSaySiGyKXEfu0_S2i_SitcSimcfu1_S2i_Sitcfu2_
FN:109,$s14DeepSwiftTests06MatrixC0C7testMulyyFSaySiGyKXEfu3_
FN:109,$s14DeepSwiftTests06MatrixC0C7testMulyyFSaySiGyKXEfu4_
FN:127,$s14DeepSwiftTests06MatrixC0C7testMulyyFSaySiGyKXEfu5_
FN:127,$s14DeepSwiftTests06MatrixC0C7testMulyyFSaySiGyKXEfu6_
FN:128,$s14DeepSwiftTests06MatrixC0C7testMulyyFSaySiGyKXEfu7_
FN:128,$s14DeepSwiftTests06MatrixC0C7testMulyyFSaySiGyKXEfu8_
FN:134,$s14DeepSwiftTests06MatrixC0C7testMulyyFSaySiGyKXEfu9_
FN:134,$s14DeepSwiftTests06MatrixC0C7testMulyyFSaySiGyKXEfu10_
FN:135,$s14DeepSwiftTests06MatrixC0C7testMulyyFSaySiGyKXEfu11_
FN:135,$s14DeepSwiftTests06MatrixC0C7testMulyyFSaySiGyKXEfu12_
FN:138,$s14DeepSwiftTests06MatrixC0C7testDivyyF
FN:151,$s14DeepSwiftTests06MatrixC0C7testDivyyFSaySdGyKXEfu_
FN:151,$s14DeepSwiftTests06MatrixC0C7testDivyyFSaySdGyKXEfu0_
FN:151,$s14DeepSwiftTests06MatrixC0C7testDivyyFSaySdGyKXEfu0_SdSi_SitXEfU_
FN:171,$s14DeepSwiftTests06MatrixC0C7testDivyyFSaySdGyKXEfu1_
FN:171,$s14DeepSwiftTests06MatrixC0C7testDivyyFSaySdGyKXEfu2_
FN:189,$s14DeepSwiftTests06MatrixC0C7testDivyyFSaySdGyKXEfu3_
FN:189,$s14DeepSwiftTests06MatrixC0C7testDivyyFSaySdGyKXEfu4_
FN:190,$s14DeepSwiftTests06MatrixC0C7testDivyyFSaySdGyKXEfu5_
FN:190,$s14DeepSwiftTests06MatrixC0C7testDivyyFSaySdGyKXEfu6_
FN:196,$s14DeepSwiftTests06MatrixC0C7testDivyyFSaySdGyKXEfu7_
FN:196,$s14DeepSwiftTests06MatrixC0C7testDivyyFSaySdGyKXEfu8_
FN:197,$s14DeepSwiftTests06MatrixC0C7testDivyyFSaySdGyKXEfu9_
FN:197,$s14DeepSwiftTests06MatrixC0C7testDivyyFSaySdGyKXEfu10_
FN:200,$s14DeepSwiftTests06MatrixC0C13testBroadcastyyF
FN:206,$s14DeepSwiftTests06MatrixC0C13testBroadcastyyFSbyKXEfu_
FN:207,$s14DeepSwiftTests06MatrixC0C13testBroadcastyyFSbyKXEfu0_
FN:208,$s14DeepSwiftTests06MatrixC0C13testBroadcastyyFSbyKXEfu1_
FN:209,$s14DeepSwiftTests06MatrixC0C13testBroadcastyyFSbyKXEfu2_
FNDA:1,$s14DeepSwiftTests06MatrixC0C12testAdditionyyF
FNDA:1,$s14DeepSwiftTests06MatrixC0C12testAdditionyyFSaySiGyKXEfu_
FNDA:1,$s14DeepSwiftTests06MatrixC0C12testAdditionyyFSaySiGyKXEfu0_
FNDA:1,$s14DeepSwiftTests06MatrixC0C12testAdditionyyFSaySiGyKXEfu0_S2i_SitcSimcfu1_
FNDA:9,$s14DeepSwiftTests06MatrixC0C12testAdditionyyFSaySiGyKXEfu0_S2i_SitcSimcfu1_S2i_Sitcfu2_
FNDA:1,$s14DeepSwiftTests06MatrixC0C12testAdditionyyFSaySiGyKXEfu3_
FNDA:1,$s14DeepSwiftTests06MatrixC0C12testAdditionyyFSaySiGyKXEfu4_
FNDA:1,$s14DeepSwiftTests06MatrixC0C12testAdditionyyFSaySiGyKXEfu5_
FNDA:1,$s14DeepSwiftTests06MatrixC0C12testAdditionyyFSaySiGyKXEfu6_
FNDA:1,$s14DeepSwiftTests06MatrixC0C12testAdditionyyFSaySiGyKXEfu7_
FNDA:1,$s14DeepSwiftTests06MatrixC0C12testAdditionyyFSaySiGyKXEfu8_
FNDA:1,$s14DeepSwiftTests06MatrixC0C12testAdditionyyFSaySiGyKXEfu9_
FNDA:1,$s14DeepSwiftTests06MatrixC0C12testAdditionyyFSaySiGyKXEfu10_
FNDA:1,$s14DeepSwiftTests06MatrixC0C12testAdditionyyFSaySiGyKXEfu11_
FNDA:1,$s14DeepSwiftTests06MatrixC0C12testAdditionyyFSaySiGyKXEfu12_
FNDA:1,$s14DeepSwiftTests06MatrixC0C7testMulyyF
FNDA:1,$s14DeepSwiftTests06MatrixC0C7testMulyyFSaySiGyKXEfu_
FNDA:1,$s14DeepSwiftTests06MatrixC0C7testMulyyFSaySiGyKXEfu0_
FNDA:1,$s14DeepSwiftTests06MatrixC0C7testMulyyFSaySiGyKXEfu0_S2i_SitcSimcfu1_
FNDA:9,$s14DeepSwiftTests06MatrixC0C7testMulyyFSaySiGyKXEfu0_S2i_SitcSimcfu1_S2i_Sitcfu2_
FNDA:1,$s14DeepSwiftTests06MatrixC0C7testMulyyFSaySiGyKXEfu3_
FNDA:1,$s14DeepSwiftTests06MatrixC0C7testMulyyFSaySiGyKXEfu4_
FNDA:1,$s14DeepSwiftTests06MatrixC0C7testMulyyFSaySiGyKXEfu5_
FNDA:1,$s14DeepSwiftTests06MatrixC0C7testMulyyFSaySiGyKXEfu6_
FNDA:1,$s14DeepSwiftTests06MatrixC0C7testMulyyFSaySiGyKXEfu7_
FNDA:1,$s14DeepSwiftTests06MatrixC0C7testMulyyFSaySiGyKXEfu8_
FNDA:1,$s14DeepSwiftTests06MatrixC0C7testMulyyFSaySiGyKXEfu9_
FNDA:1,$s14DeepSwiftTests06MatrixC0C7testMulyyFSaySiGyKXEfu10_
FNDA:1,$s14DeepSwiftTests06MatrixC0C7testMulyyFSaySiGyKXEfu11_
FNDA:1,$s14DeepSwiftTests06MatrixC0C7testMulyyFSaySiGyKXEfu12_
FNDA:1,$s14DeepSwiftTests06MatrixC0C7testDivyyF
FNDA:1,$s14DeepSwiftTests06MatrixC0C7testDivyyFSaySdGyKXEfu_
FNDA:1,$s14DeepSwiftTests06MatrixC0C7testDivyyFSaySdGyKXEfu0_
FNDA:9,$s14DeepSwiftTests06MatrixC0C7testDivyyFSaySdGyKXEfu0_SdSi_SitXEfU_
FNDA:1,$s14DeepSwiftTests06MatrixC0C7testDivyyFSaySdGyKXEfu1_
FNDA:1,$s14DeepSwiftTests06MatrixC0C7testDivyyFSaySdGyKXEfu2_
FNDA:1,$s14DeepSwiftTests06MatrixC0C7testDivyyFSaySdGyKXEfu3_
FNDA:1,$s14DeepSwiftTests06MatrixC0C7testDivyyFSaySdGyKXEfu4_
FNDA:1,$s14DeepSwiftTests06MatrixC0C7testDivyyFSaySdGyKXEfu5_
FNDA:1,$s14DeepSwiftTests06MatrixC0C7testDivyyFSaySdGyKXEfu6_
FNDA:1,$s14DeepSwiftTests06MatrixC0C7testDivyyFSaySdGyKXEfu7_
FNDA:1,$s14DeepSwiftTests06MatrixC0C7testDivyyFSaySdGyKXEfu8_
FNDA:1,$s14DeepSwiftTests06MatrixC0C7testDivyyFSaySdGyKXEfu9_
FNDA:1,$s14DeepSwiftTests06MatrixC0C7testDivyyFSaySdGyKXEfu10_
FNDA:1,$s14DeepSwiftTests06MatrixC0C13testBroadcastyyF
FNDA:1,$s14DeepSwiftTests06MatrixC0C13testBroadcastyyFSbyKXEfu_
FNDA:1,$s14DeepSwiftTests06MatrixC0C13testBroadcastyyFSbyKXEfu0_
FNDA:1,$s14DeepSwiftTests06MatrixC0C13testBroadcastyyFSbyKXEfu1_
FNDA:1,$s14DeepSwiftTests06MatrixC0C13testBroadcastyyFSbyKXEfu2_
FNF:47
FNH:47
DA:13,1
DA:14,1
DA:15,1
DA:16,1
DA:17,1
DA:18,1
DA:19,1
DA:20,1
DA:21,1
DA:22,1
DA:23,1
DA:24,1
DA:25,1
DA:26,10
DA:27,1
DA:28,1
DA:29,1
DA:30,1
DA:31,1
DA:32,1
DA:33,1
DA:34,1
DA:35,1
DA:36,1
DA:37,1
DA:38,1
DA:39,1
DA:40,1
DA:41,1
DA:42,1
DA:43,1
DA:44,1
DA:45,1
DA:46,1
DA:47,1
DA:48,1
DA:49,1
DA:50,1
DA:51,1
DA:52,1
DA:53,1
DA:54,1
DA:55,1
DA:56,1
DA:57,1
DA:58,1
DA:59,1
DA:60,1
DA:61,1
DA:62,1
DA:63,1
DA:64,1
DA:65,1
DA:66,1
DA:67,1
DA:68,1
DA:69,1
DA:70,1
DA:71,1
DA:72,1
DA:73,1
DA:74,1
DA:76,1
DA:77,1
DA:78,1
DA:79,1
DA:80,1
DA:81,1
DA:82,1
DA:83,1
DA:84,1
DA:85,1
DA:86,1
DA:87,1
DA:88,1
DA:89,10
DA:90,1
DA:91,1
DA:92,1
DA:93,1
DA:94,1
DA:95,1
DA:96,1
DA:97,1
DA:98,1
DA:99,1
DA:100,1
DA:101,1
DA:102,1
DA:103,1
DA:104,1
DA:105,1
DA:106,1
DA:107,1
DA:108,1
DA:109,1
DA:110,1
DA:111,1
DA:112,1
DA:113,1
DA:114,1
DA:115,1
DA:116,1
DA:117,1
DA:118,1
DA:119,1
DA:120,1
DA:121,1
DA:122,1
DA:123,1
DA:124,1
DA:125,1
DA:126,1
DA:127,1
DA:128,1
DA:129,1
DA:130,1
DA:131,1
DA:132,1
DA:133,1
DA:134,1
DA:135,1
DA:136,1
DA:138,1
DA:139,1
DA:140,1
DA:141,1
DA:142,1
DA:143,1
DA:144,1
DA:145,1
DA:146,1
DA:147,1
DA:148,1
DA:149,1
DA:150,1
DA:151,9
DA:152,1
DA:153,1
DA:154,1
DA:155,1
DA:156,1
DA:157,1
DA:158,1
DA:159,1
DA:160,1
DA:161,1
DA:162,1
DA:163,1
DA:164,1
DA:165,1
DA:166,1
DA:167,1
DA:168,1
DA:169,1
DA:170,1
DA:171,1
DA:172,1
DA:173,1
DA:174,1
DA:175,1
DA:176,1
DA:177,1
DA:178,1
DA:179,1
DA:180,1
DA:181,1
DA:182,1
DA:183,1
DA:184,1
DA:185,1
DA:186,1
DA:187,1
DA:188,1
DA:189,1
DA:190,1
DA:191,1
DA:192,1
DA:193,1
DA:194,1
DA:195,1
DA:196,1
DA:197,1
DA:198,1
DA:200,1
DA:201,1
DA:202,1
DA:203,1
DA:204,1
DA:205,1
DA:206,1
DA:207,1
DA:208,1
DA:209,1
DA:210,1
BRF:0
BFH:0
LF:238
LH:238
end_of_record
SF:/Users/alexroar/Desktop/DeepL/DeepSwift/Tests/DeepSwiftTests/OptimizationTests.swift
FN:12,$s14DeepSwiftTests012OptimisationC0C13testsimpleOptyyF
FN:23,$s14DeepSwiftTests012OptimisationC0C13testsimpleOptyyFSdyKXEfu_
FN:23,$s14DeepSwiftTests012OptimisationC0C13testsimpleOptyyFSdyKXEfu0_
FN:26,$s14DeepSwiftTests012OptimisationC0C15testsimpleOpt2DyyF
FN:27,$s14DeepSwiftTests012OptimisationC0C15testsimpleOpt2DyyFSdyXEfU_
FN:28,$s14DeepSwiftTests012OptimisationC0C15testsimpleOpt2DyyFSdyXEfU0_
FN:41,$s14DeepSwiftTests012OptimisationC0C15testsimpleOpt2DyyFSdyKXEfu_
FN:41,$s14DeepSwiftTests012OptimisationC0C15testsimpleOpt2DyyFSdyKXEfu0_
FN:44,$s14DeepSwiftTests012OptimisationC0C19testsimpleMatrixOptyyF
FN:45,$s14DeepSwiftTests012OptimisationC0C19testsimpleMatrixOptyyFSdyXEfU_
FN:55,$s14DeepSwiftTests012OptimisationC0C19testsimpleMatrixOptyyFSdyKXEfu_
FN:55,$s14DeepSwiftTests012OptimisationC0C19testsimpleMatrixOptyyFSdyKXEfu0_
FN:58,$s14DeepSwiftTests012OptimisationC0C21testsimpleMatrixOptMSyyF
FN:59,$s14DeepSwiftTests012OptimisationC0C21testsimpleMatrixOptMSyyFSdyXEfU_
FN:73,$s14DeepSwiftTests012OptimisationC0C21testsimpleMatrixOptMSyyFSdyKXEfu_
FN:73,$s14DeepSwiftTests012OptimisationC0C21testsimpleMatrixOptMSyyFSdyKXEfu0_
FN:76,$s14DeepSwiftTests012OptimisationC0C10testPowOptyyF
FN:77,$s14DeepSwiftTests012OptimisationC0C10testPowOptyyFSdyXEfU_
FN:79,$s14DeepSwiftTests012OptimisationC0C10testPowOptyyFSdyXEfU0_
FN:90,$s14DeepSwiftTests012OptimisationC0C10testPowOptyyFSdyKXEfu_
FN:90,$s14DeepSwiftTests012OptimisationC0C10testPowOptyyFSdyKXEfu0_
FN:93,$s14DeepSwiftTests012OptimisationC0C10testLogOptyyF
FN:95,$s14DeepSwiftTests012OptimisationC0C10testLogOptyyFSdyXEfU_
FN:107,$s14DeepSwiftTests012OptimisationC0C10testLogOptyyFSdyKXEfu_
FN:107,$s14DeepSwiftTests012OptimisationC0C10testLogOptyyFSdyKXEfu0_
FN:110,$s14DeepSwiftTests012OptimisationC0C10testAbsOptyyF
FN:112,$s14DeepSwiftTests012OptimisationC0C10testAbsOptyyFSdyXEfU_
FN:125,$s14DeepSwiftTests012OptimisationC0C10testAbsOptyyFSdyKXEfu_
FN:125,$s14DeepSwiftTests012OptimisationC0C10testAbsOptyyFSdyKXEfu0_
FN:128,$s14DeepSwiftTests012OptimisationC0C15testNeuronModelyyF
FN:130,$s14DeepSwiftTests012OptimisationC0C15testNeuronModelyyF13funcPredictedL_1x1ySbSd_SdtF
FN:134,$s14DeepSwiftTests012OptimisationC0C15testNeuronModelyyFSaySaySdGG_AFtyXEfU_
FN:156,$s14DeepSwiftTests012OptimisationC0C15testNeuronModelyyFSdyXEfU0_
FN:158,$s14DeepSwiftTests012OptimisationC0C15testNeuronModelyyFSdyXEfU1_
FN:192,$s14DeepSwiftTests012OptimisationC0C15testNeuronModelyyF0aB06MatrixVySiGyKXEfu_
FN:192,$s14DeepSwiftTests012OptimisationC0C15testNeuronModelyyF0aB06MatrixVySiGyKXEfu0_
FN:195,$s14DeepSwiftTests012OptimisationC0C23testLinearApproximationyyF
FN:197,$s14DeepSwiftTests012OptimisationC0C23testLinearApproximationyyF13funcPredictedL_1xS2d_tF
FN:201,$s14DeepSwiftTests012OptimisationC0C23testLinearApproximationyyFSaySaySdGG_AFtyXEfU_
FN:220,$s14DeepSwiftTests012OptimisationC0C23testLinearApproximationyyFSdyXEfU0_
FN:222,$s14DeepSwiftTests012OptimisationC0C23testLinearApproximationyyFSdyXEfU1_
FN:238,$s14DeepSwiftTests012OptimisationC0C23testLinearApproximationyyFSdyKXEfu_
FN:238,$s14DeepSwiftTests012OptimisationC0C23testLinearApproximationyyFSdyKXEfu0_
FN:241,$s14DeepSwiftTests012OptimisationC0C11testReluOptyyF
FN:243,$s14DeepSwiftTests012OptimisationC0C11testReluOptyyFSdyXEfU_
FN:250,$s14DeepSwiftTests012OptimisationC0C11testReluOptyyFSbyKXEfu_
FN:256,$s14DeepSwiftTests012OptimisationC0C11testReluOptyyFSdyKXEfu0_
FN:256,$s14DeepSwiftTests012OptimisationC0C11testReluOptyyFSdyKXEfu1_
FN:259,$s14DeepSwiftTests012OptimisationC0C18testReluComplexOptyyF
FN:261,$s14DeepSwiftTests012OptimisationC0C18testReluComplexOptyyFSdyXEfU_
FN:269,$s14DeepSwiftTests012OptimisationC0C18testReluComplexOptyyFSbyKXEfu_
FN:273,$s14DeepSwiftTests012OptimisationC0C18testReluComplexOptyyFSdyKXEfu0_
FN:273,$s14DeepSwiftTests012OptimisationC0C18testReluComplexOptyyFSdyKXEfu1_
FN:279,$s14DeepSwiftTests012OptimisationC0C18testReluComplexOptyyFSdyKXEfu2_
FN:279,$s14DeepSwiftTests012OptimisationC0C18testReluComplexOptyyFSdyKXEfu3_
FNDA:1,$s14DeepSwiftTests012OptimisationC0C13testsimpleOptyyF
FNDA:1,$s14DeepSwiftTests012OptimisationC0C13testsimpleOptyyFSdyKXEfu_
FNDA:1,$s14DeepSwiftTests012OptimisationC0C13testsimpleOptyyFSdyKXEfu0_
FNDA:1,$s14DeepSwiftTests012OptimisationC0C15testsimpleOpt2DyyF
FNDA:25,$s14DeepSwiftTests012OptimisationC0C15testsimpleOpt2DyyFSdyXEfU_
FNDA:25,$s14DeepSwiftTests012OptimisationC0C15testsimpleOpt2DyyFSdyXEfU0_
FNDA:1,$s14DeepSwiftTests012OptimisationC0C15testsimpleOpt2DyyFSdyKXEfu_
FNDA:1,$s14DeepSwiftTests012OptimisationC0C15testsimpleOpt2DyyFSdyKXEfu0_
FNDA:1,$s14DeepSwiftTests012OptimisationC0C19testsimpleMatrixOptyyF
FNDA:10,$s14DeepSwiftTests012OptimisationC0C19testsimpleMatrixOptyyFSdyXEfU_
FNDA:1,$s14DeepSwiftTests012OptimisationC0C19testsimpleMatrixOptyyFSdyKXEfu_
FNDA:1,$s14DeepSwiftTests012OptimisationC0C19testsimpleMatrixOptyyFSdyKXEfu0_
FNDA:1,$s14DeepSwiftTests012OptimisationC0C21testsimpleMatrixOptMSyyF
FNDA:10,$s14DeepSwiftTests012OptimisationC0C21testsimpleMatrixOptMSyyFSdyXEfU_
FNDA:1,$s14DeepSwiftTests012OptimisationC0C21testsimpleMatrixOptMSyyFSdyKXEfu_
FNDA:1,$s14DeepSwiftTests012OptimisationC0C21testsimpleMatrixOptMSyyFSdyKXEfu0_
FNDA:1,$s14DeepSwiftTests012OptimisationC0C10testPowOptyyF
FNDA:10,$s14DeepSwiftTests012OptimisationC0C10testPowOptyyFSdyXEfU_
FNDA:10,$s14DeepSwiftTests012OptimisationC0C10testPowOptyyFSdyXEfU0_
FNDA:1,$s14DeepSwiftTests012OptimisationC0C10testPowOptyyFSdyKXEfu_
FNDA:1,$s14DeepSwiftTests012OptimisationC0C10testPowOptyyFSdyKXEfu0_
FNDA:1,$s14DeepSwiftTests012OptimisationC0C10testLogOptyyF
FNDA:10,$s14DeepSwiftTests012OptimisationC0C10testLogOptyyFSdyXEfU_
FNDA:1,$s14DeepSwiftTests012OptimisationC0C10testLogOptyyFSdyKXEfu_
FNDA:1,$s14DeepSwiftTests012OptimisationC0C10testLogOptyyFSdyKXEfu0_
FNDA:1,$s14DeepSwiftTests012OptimisationC0C10testAbsOptyyF
FNDA:10,$s14DeepSwiftTests012OptimisationC0C10testAbsOptyyFSdyXEfU_
FNDA:1,$s14DeepSwiftTests012OptimisationC0C10testAbsOptyyFSdyKXEfu_
FNDA:1,$s14DeepSwiftTests012OptimisationC0C10testAbsOptyyFSdyKXEfu0_
FNDA:1,$s14DeepSwiftTests012OptimisationC0C15testNeuronModelyyF
FNDA:15,$s14DeepSwiftTests012OptimisationC0C15testNeuronModelyyF13funcPredictedL_1x1ySbSd_SdtF
FNDA:1,$s14DeepSwiftTests012OptimisationC0C15testNeuronModelyyFSaySaySdGG_AFtyXEfU_
FNDA:2,$s14DeepSwiftTests012OptimisationC0C15testNeuronModelyyFSdyXEfU0_
FNDA:1,$s14DeepSwiftTests012OptimisationC0C15testNeuronModelyyFSdyXEfU1_
FNDA:1,$s14DeepSwiftTests012OptimisationC0C15testNeuronModelyyF0aB06MatrixVySiGyKXEfu_
FNDA:1,$s14DeepSwiftTests012OptimisationC0C15testNeuronModelyyF0aB06MatrixVySiGyKXEfu0_
FNDA:1,$s14DeepSwiftTests012OptimisationC0C23testLinearApproximationyyF
FNDA:10,$s14DeepSwiftTests012OptimisationC0C23testLinearApproximationyyF13funcPredictedL_1xS2d_tF
FNDA:1,$s14DeepSwiftTests012OptimisationC0C23testLinearApproximationyyFSaySaySdGG_AFtyXEfU_
FNDA:1,$s14DeepSwiftTests012OptimisationC0C23testLinearApproximationyyFSdyXEfU0_
FNDA:1,$s14DeepSwiftTests012OptimisationC0C23testLinearApproximationyyFSdyXEfU1_
FNDA:1,$s14DeepSwiftTests012OptimisationC0C23testLinearApproximationyyFSdyKXEfu_
FNDA:1,$s14DeepSwiftTests012OptimisationC0C23testLinearApproximationyyFSdyKXEfu0_
FNDA:1,$s14DeepSwiftTests012OptimisationC0C11testReluOptyyF
FNDA:1,$s14DeepSwiftTests012OptimisationC0C11testReluOptyyFSdyXEfU_
FNDA:500,$s14DeepSwiftTests012OptimisationC0C11testReluOptyyFSbyKXEfu_
FNDA:1,$s14DeepSwiftTests012OptimisationC0C11testReluOptyyFSdyKXEfu0_
FNDA:1,$s14DeepSwiftTests012OptimisationC0C11testReluOptyyFSdyKXEfu1_
FNDA:1,$s14DeepSwiftTests012OptimisationC0C18testReluComplexOptyyF
FNDA:1,$s14DeepSwiftTests012OptimisationC0C18testReluComplexOptyyFSdyXEfU_
FNDA:14,$s14DeepSwiftTests012OptimisationC0C18testReluComplexOptyyFSbyKXEfu_
FNDA:14,$s14DeepSwiftTests012OptimisationC0C18testReluComplexOptyyFSdyKXEfu0_
FNDA:14,$s14DeepSwiftTests012OptimisationC0C18testReluComplexOptyyFSdyKXEfu1_
FNDA:1,$s14DeepSwiftTests012OptimisationC0C18testReluComplexOptyyFSdyKXEfu2_
FNDA:1,$s14DeepSwiftTests012OptimisationC0C18testReluComplexOptyyFSdyKXEfu3_
FNF:55
FNH:55
DA:12,1
DA:13,1
DA:14,1
DA:15,1
DA:16,1
DA:17,1
DA:18,200
DA:19,200
DA:20,200
DA:21,200
DA:22,1
DA:23,1
DA:24,1
DA:26,1
DA:27,25
DA:28,25
DA:29,1
DA:30,1
DA:31,1
DA:32,1
DA:33,1000
DA:34,1000
DA:35,1000
DA:36,1000
DA:37,1000
DA:38,1
DA:39,1
DA:40,1
DA:41,1
DA:42,1
DA:44,1
DA:45,10
DA:46,1
DA:47,1
DA:48,1
DA:49,1
DA:50,100
DA:51,100
DA:52,100
DA:53,100
DA:54,1
DA:55,1
DA:56,1
DA:58,1
DA:59,10
DA:60,1
DA:61,1
DA:62,1
DA:63,1
DA:64,1
DA:65,1
DA:66,1
DA:67,1
DA:68,1000
DA:69,1000
DA:70,1000
DA:71,1000
DA:72,1
DA:73,1
DA:74,1
DA:76,1
DA:77,10
DA:78,1
DA:79,10
DA:80,1
DA:81,1
DA:82,1
DA:83,1
DA:84,1
DA:85,2000
DA:86,2000
DA:87,2000
DA:88,2000
DA:89,1
DA:90,1
DA:91,1
DA:93,1
DA:94,1
DA:95,10
DA:96,1
DA:97,1
DA:98,1
DA:99,1
DA:100,1
DA:101,1
DA:102,5000
DA:103,5000
DA:104,5000
DA:105,5000
DA:106,1
DA:107,1
DA:108,1
DA:110,1
DA:111,1
DA:112,10
DA:113,1
DA:114,1
DA:115,1
DA:116,1
DA:117,1
DA:118,1
DA:119,5000
DA:120,5000
DA:121,5000
DA:122,5000
DA:123,5000
DA:124,1
DA:125,1
DA:126,1
DA:128,1
DA:129,1
DA:130,15
DA:131,15
DA:132,15
DA:133,1
DA:134,1
DA:135,1
DA:136,1
DA:137,1
DA:138,15
DA:139,15
DA:140,15
DA:141,15
DA:142,1
DA:143,1
DA:144,1
DA:145,1
DA:146,1
DA:147,1
DA:148,1
DA:149,1
DA:150,1
DA:151,15
DA:152,15
DA:153,1
DA:154,1
DA:155,1
DA:156,2
DA:157,1
DA:158,1
DA:159,1
DA:160,1
DA:161,1
DA:162,15
DA:163,15
DA:164,15
DA:165,15
DA:166,15
DA:167,15
DA:168,15
DA:169,1
DA:170,1
DA:171,1
DA:172,1
DA:173,1
DA:174,1
DA:175,1000
DA:176,1000
DA:177,1000
DA:178,1000
DA:179,1000
DA:180,1000
DA:181,1000
DA:182,1000
DA:183,1
DA:184,1
DA:185,1
DA:186,1
DA:187,1
DA:188,1
DA:189,1
DA:190,1
DA:191,1
DA:192,1
DA:193,1
DA:195,1
DA:196,1
DA:197,10
DA:198,10
DA:199,10
DA:200,1
DA:201,1
DA:202,1
DA:203,1
DA:204,1
DA:205,10
DA:206,10
DA:207,10
DA:208,10
DA:209,1
DA:210,1
DA:211,1
DA:212,1
DA:213,1
DA:214,1
DA:215,1
DA:216,1
DA:217,1
DA:218,1
DA:219,1
DA:220,1
DA:221,1
DA:222,1
DA:223,1
DA:224,1
DA:225,1
DA:226,1
DA:227,1
DA:228,1000
DA:229,1000
DA:230,1000
DA:231,1000
DA:232,1000
DA:233,1000
DA:234,1000
DA:235,1000
DA:236,1
DA:237,1
DA:238,1
DA:239,1
DA:241,1
DA:242,1
DA:243,1
DA:244,1
DA:245,1
DA:246,1
DA:247,1
DA:248,500
DA:249,500
DA:250,500
DA:251,500
DA:252,500
DA:253,500
DA:254,1
DA:255,1
DA:256,1
DA:257,1
DA:259,1
DA:260,1
DA:261,1
DA:262,1
DA:263,1
DA:264,1
DA:265,1
DA:266,5000
DA:267,5000
DA:268,5000
DA:269,14
DA:270,5000
DA:271,5000
DA:272,5000
DA:273,14
DA:274,5000
DA:275,5000
DA:276,5000
DA:277,1
DA:278,1
DA:279,1
DA:280,1
BRF:0
BFH:0
LF:329
LH:329
end_of_record
